CRITICAL - 2022-03-28 00:08:55 --> Undefined variable $user
#0 D:\AllWork\ProjectADMIN\AdminNew\app\Views\components\ModalData.php(2): CodeIgniter\Debug\Exceptions->errorHandler(2, 'Undefined varia...', 'D:\\AllWork\\Proj...', 2)
#1 D:\AllWork\ProjectADMIN\AdminNew\app\Views\dashboard.php(45): require('D:\\AllWork\\Proj...')
#2 D:\AllWork\ProjectADMIN\AdminNew\system\View\View.php(210): include('D:\\AllWork\\Proj...')
#3 D:\AllWork\ProjectADMIN\AdminNew\system\View\View.php(213): CodeIgniter\View\View->CodeIgniter\View\{closure}()
#4 D:\AllWork\ProjectADMIN\AdminNew\system\Common.php(1089): CodeIgniter\View\View->render('dashboard', Array, true)
#5 D:\AllWork\ProjectADMIN\AdminNew\app\Controllers\UserController.php(14): view('dashboard')
#6 D:\AllWork\ProjectADMIN\AdminNew\system\CodeIgniter.php(832): App\Controllers\UserController->index()
#7 D:\AllWork\ProjectADMIN\AdminNew\system\CodeIgniter.php(419): CodeIgniter\CodeIgniter->runController(Object(App\Controllers\UserController))
#8 D:\AllWork\ProjectADMIN\AdminNew\system\CodeIgniter.php(326): CodeIgniter\CodeIgniter->handleRequest(NULL, Object(Config\Cache), false)
#9 D:\AllWork\ProjectADMIN\AdminNew\public\index.php(37): CodeIgniter\CodeIgniter->run()
#10 D:\AllWork\ProjectADMIN\AdminNew\system\Commands\Server\rewrite.php(43): require_once('D:\\AllWork\\Proj...')
#11 {main}
CRITICAL - 2022-03-28 00:08:59 --> Undefined variable $user
#0 D:\AllWork\ProjectADMIN\AdminNew\app\Views\components\ModalData.php(2): CodeIgniter\Debug\Exceptions->errorHandler(2, 'Undefined varia...', 'D:\\AllWork\\Proj...', 2)
#1 D:\AllWork\ProjectADMIN\AdminNew\app\Views\dashboard.php(45): require('D:\\AllWork\\Proj...')
#2 D:\AllWork\ProjectADMIN\AdminNew\system\View\View.php(210): include('D:\\AllWork\\Proj...')
#3 D:\AllWork\ProjectADMIN\AdminNew\system\View\View.php(213): CodeIgniter\View\View->CodeIgniter\View\{closure}()
#4 D:\AllWork\ProjectADMIN\AdminNew\system\Common.php(1089): CodeIgniter\View\View->render('dashboard', Array, true)
#5 D:\AllWork\ProjectADMIN\AdminNew\app\Controllers\UserController.php(14): view('dashboard')
#6 D:\AllWork\ProjectADMIN\AdminNew\system\CodeIgniter.php(832): App\Controllers\UserController->index()
#7 D:\AllWork\ProjectADMIN\AdminNew\system\CodeIgniter.php(419): CodeIgniter\CodeIgniter->runController(Object(App\Controllers\UserController))
#8 D:\AllWork\ProjectADMIN\AdminNew\system\CodeIgniter.php(326): CodeIgniter\CodeIgniter->handleRequest(NULL, Object(Config\Cache), false)
#9 D:\AllWork\ProjectADMIN\AdminNew\public\index.php(37): CodeIgniter\CodeIgniter->run()
#10 D:\AllWork\ProjectADMIN\AdminNew\system\Commands\Server\rewrite.php(43): require_once('D:\\AllWork\\Proj...')
#11 {main}
CRITICAL - 2022-03-28 00:09:00 --> Undefined variable $user
#0 D:\AllWork\ProjectADMIN\AdminNew\app\Views\components\ModalData.php(2): CodeIgniter\Debug\Exceptions->errorHandler(2, 'Undefined varia...', 'D:\\AllWork\\Proj...', 2)
#1 D:\AllWork\ProjectADMIN\AdminNew\app\Views\dashboard.php(45): require('D:\\AllWork\\Proj...')
#2 D:\AllWork\ProjectADMIN\AdminNew\system\View\View.php(210): include('D:\\AllWork\\Proj...')
#3 D:\AllWork\ProjectADMIN\AdminNew\system\View\View.php(213): CodeIgniter\View\View->CodeIgniter\View\{closure}()
#4 D:\AllWork\ProjectADMIN\AdminNew\system\Common.php(1089): CodeIgniter\View\View->render('dashboard', Array, true)
#5 D:\AllWork\ProjectADMIN\AdminNew\app\Controllers\UserController.php(14): view('dashboard')
#6 D:\AllWork\ProjectADMIN\AdminNew\system\CodeIgniter.php(832): App\Controllers\UserController->index()
#7 D:\AllWork\ProjectADMIN\AdminNew\system\CodeIgniter.php(419): CodeIgniter\CodeIgniter->runController(Object(App\Controllers\UserController))
#8 D:\AllWork\ProjectADMIN\AdminNew\system\CodeIgniter.php(326): CodeIgniter\CodeIgniter->handleRequest(NULL, Object(Config\Cache), false)
#9 D:\AllWork\ProjectADMIN\AdminNew\public\index.php(37): CodeIgniter\CodeIgniter->run()
#10 D:\AllWork\ProjectADMIN\AdminNew\system\Commands\Server\rewrite.php(43): require_once('D:\\AllWork\\Proj...')
#11 {main}
CRITICAL - 2022-03-28 00:09:01 --> Undefined variable $user
#0 D:\AllWork\ProjectADMIN\AdminNew\app\Views\components\ModalData.php(2): CodeIgniter\Debug\Exceptions->errorHandler(2, 'Undefined varia...', 'D:\\AllWork\\Proj...', 2)
#1 D:\AllWork\ProjectADMIN\AdminNew\app\Views\dashboard.php(45): require('D:\\AllWork\\Proj...')
#2 D:\AllWork\ProjectADMIN\AdminNew\system\View\View.php(210): include('D:\\AllWork\\Proj...')
#3 D:\AllWork\ProjectADMIN\AdminNew\system\View\View.php(213): CodeIgniter\View\View->CodeIgniter\View\{closure}()
#4 D:\AllWork\ProjectADMIN\AdminNew\system\Common.php(1089): CodeIgniter\View\View->render('dashboard', Array, true)
#5 D:\AllWork\ProjectADMIN\AdminNew\app\Controllers\UserController.php(14): view('dashboard')
#6 D:\AllWork\ProjectADMIN\AdminNew\system\CodeIgniter.php(832): App\Controllers\UserController->index()
#7 D:\AllWork\ProjectADMIN\AdminNew\system\CodeIgniter.php(419): CodeIgniter\CodeIgniter->runController(Object(App\Controllers\UserController))
#8 D:\AllWork\ProjectADMIN\AdminNew\system\CodeIgniter.php(326): CodeIgniter\CodeIgniter->handleRequest(NULL, Object(Config\Cache), false)
#9 D:\AllWork\ProjectADMIN\AdminNew\public\index.php(37): CodeIgniter\CodeIgniter->run()
#10 D:\AllWork\ProjectADMIN\AdminNew\system\Commands\Server\rewrite.php(43): require_once('D:\\AllWork\\Proj...')
#11 {main}
CRITICAL - 2022-03-28 00:09:01 --> Undefined variable $user
#0 D:\AllWork\ProjectADMIN\AdminNew\app\Views\components\ModalData.php(2): CodeIgniter\Debug\Exceptions->errorHandler(2, 'Undefined varia...', 'D:\\AllWork\\Proj...', 2)
#1 D:\AllWork\ProjectADMIN\AdminNew\app\Views\dashboard.php(45): require('D:\\AllWork\\Proj...')
#2 D:\AllWork\ProjectADMIN\AdminNew\system\View\View.php(210): include('D:\\AllWork\\Proj...')
#3 D:\AllWork\ProjectADMIN\AdminNew\system\View\View.php(213): CodeIgniter\View\View->CodeIgniter\View\{closure}()
#4 D:\AllWork\ProjectADMIN\AdminNew\system\Common.php(1089): CodeIgniter\View\View->render('dashboard', Array, true)
#5 D:\AllWork\ProjectADMIN\AdminNew\app\Controllers\UserController.php(14): view('dashboard')
#6 D:\AllWork\ProjectADMIN\AdminNew\system\CodeIgniter.php(832): App\Controllers\UserController->index()
#7 D:\AllWork\ProjectADMIN\AdminNew\system\CodeIgniter.php(419): CodeIgniter\CodeIgniter->runController(Object(App\Controllers\UserController))
#8 D:\AllWork\ProjectADMIN\AdminNew\system\CodeIgniter.php(326): CodeIgniter\CodeIgniter->handleRequest(NULL, Object(Config\Cache), false)
#9 D:\AllWork\ProjectADMIN\AdminNew\public\index.php(37): CodeIgniter\CodeIgniter->run()
#10 D:\AllWork\ProjectADMIN\AdminNew\system\Commands\Server\rewrite.php(43): require_once('D:\\AllWork\\Proj...')
#11 {main}
CRITICAL - 2022-03-28 00:09:01 --> Undefined variable $user
#0 D:\AllWork\ProjectADMIN\AdminNew\app\Views\components\ModalData.php(2): CodeIgniter\Debug\Exceptions->errorHandler(2, 'Undefined varia...', 'D:\\AllWork\\Proj...', 2)
#1 D:\AllWork\ProjectADMIN\AdminNew\app\Views\dashboard.php(45): require('D:\\AllWork\\Proj...')
#2 D:\AllWork\ProjectADMIN\AdminNew\system\View\View.php(210): include('D:\\AllWork\\Proj...')
#3 D:\AllWork\ProjectADMIN\AdminNew\system\View\View.php(213): CodeIgniter\View\View->CodeIgniter\View\{closure}()
#4 D:\AllWork\ProjectADMIN\AdminNew\system\Common.php(1089): CodeIgniter\View\View->render('dashboard', Array, true)
#5 D:\AllWork\ProjectADMIN\AdminNew\app\Controllers\UserController.php(14): view('dashboard')
#6 D:\AllWork\ProjectADMIN\AdminNew\system\CodeIgniter.php(832): App\Controllers\UserController->index()
#7 D:\AllWork\ProjectADMIN\AdminNew\system\CodeIgniter.php(419): CodeIgniter\CodeIgniter->runController(Object(App\Controllers\UserController))
#8 D:\AllWork\ProjectADMIN\AdminNew\system\CodeIgniter.php(326): CodeIgniter\CodeIgniter->handleRequest(NULL, Object(Config\Cache), false)
#9 D:\AllWork\ProjectADMIN\AdminNew\public\index.php(37): CodeIgniter\CodeIgniter->run()
#10 D:\AllWork\ProjectADMIN\AdminNew\system\Commands\Server\rewrite.php(43): require_once('D:\\AllWork\\Proj...')
#11 {main}
