CRITICAL - 2022-05-06 04:50:51 --> Undefined variable $user
#0 D:\AllWork\ProjectADMIN\AdminNew\app\Views\components\ManageCatagory.php(42): CodeIgniter\Debug\Exceptions->errorHandler(2, 'Undefined varia...', 'D:\\AllWork\\Proj...', 42)
#1 D:\AllWork\ProjectADMIN\AdminNew\app\Views\category.php(42): require('D:\\AllWork\\Proj...')
#2 D:\AllWork\ProjectADMIN\AdminNew\system\View\View.php(210): include('D:\\AllWork\\Proj...')
#3 D:\AllWork\ProjectADMIN\AdminNew\system\View\View.php(213): CodeIgniter\View\View->CodeIgniter\View\{closure}()
#4 D:\AllWork\ProjectADMIN\AdminNew\system\Common.php(1089): CodeIgniter\View\View->render('category', Array, true)
#5 D:\AllWork\ProjectADMIN\AdminNew\app\Controllers\OfficerController.php(34): view('category')
#6 D:\AllWork\ProjectADMIN\AdminNew\system\CodeIgniter.php(832): App\Controllers\OfficerController->showCategory()
#7 D:\AllWork\ProjectADMIN\AdminNew\system\CodeIgniter.php(419): CodeIgniter\CodeIgniter->runController(Object(App\Controllers\OfficerController))
#8 D:\AllWork\ProjectADMIN\AdminNew\system\CodeIgniter.php(326): CodeIgniter\CodeIgniter->handleRequest(NULL, Object(Config\Cache), false)
#9 D:\AllWork\ProjectADMIN\AdminNew\public\index.php(37): CodeIgniter\CodeIgniter->run()
#10 D:\AllWork\ProjectADMIN\AdminNew\system\Commands\Server\rewrite.php(43): require_once('D:\\AllWork\\Proj...')
#11 {main}
CRITICAL - 2022-05-06 04:50:53 --> Undefined variable $user
#0 D:\AllWork\ProjectADMIN\AdminNew\app\Views\components\ManageCatagory.php(42): CodeIgniter\Debug\Exceptions->errorHandler(2, 'Undefined varia...', 'D:\\AllWork\\Proj...', 42)
#1 D:\AllWork\ProjectADMIN\AdminNew\app\Views\category.php(42): require('D:\\AllWork\\Proj...')
#2 D:\AllWork\ProjectADMIN\AdminNew\system\View\View.php(210): include('D:\\AllWork\\Proj...')
#3 D:\AllWork\ProjectADMIN\AdminNew\system\View\View.php(213): CodeIgniter\View\View->CodeIgniter\View\{closure}()
#4 D:\AllWork\ProjectADMIN\AdminNew\system\Common.php(1089): CodeIgniter\View\View->render('category', Array, true)
#5 D:\AllWork\ProjectADMIN\AdminNew\app\Controllers\OfficerController.php(34): view('category')
#6 D:\AllWork\ProjectADMIN\AdminNew\system\CodeIgniter.php(832): App\Controllers\OfficerController->showCategory()
#7 D:\AllWork\ProjectADMIN\AdminNew\system\CodeIgniter.php(419): CodeIgniter\CodeIgniter->runController(Object(App\Controllers\OfficerController))
#8 D:\AllWork\ProjectADMIN\AdminNew\system\CodeIgniter.php(326): CodeIgniter\CodeIgniter->handleRequest(NULL, Object(Config\Cache), false)
#9 D:\AllWork\ProjectADMIN\AdminNew\public\index.php(37): CodeIgniter\CodeIgniter->run()
#10 D:\AllWork\ProjectADMIN\AdminNew\system\Commands\Server\rewrite.php(43): require_once('D:\\AllWork\\Proj...')
#11 {main}
CRITICAL - 2022-05-06 04:51:17 --> Undefined variable $user
#0 D:\AllWork\ProjectADMIN\AdminNew\app\Views\components\ManageCatagory.php(42): CodeIgniter\Debug\Exceptions->errorHandler(2, 'Undefined varia...', 'D:\\AllWork\\Proj...', 42)
#1 D:\AllWork\ProjectADMIN\AdminNew\app\Views\category.php(42): require('D:\\AllWork\\Proj...')
#2 D:\AllWork\ProjectADMIN\AdminNew\system\View\View.php(210): include('D:\\AllWork\\Proj...')
#3 D:\AllWork\ProjectADMIN\AdminNew\system\View\View.php(213): CodeIgniter\View\View->CodeIgniter\View\{closure}()
#4 D:\AllWork\ProjectADMIN\AdminNew\system\Common.php(1089): CodeIgniter\View\View->render('category', Array, true)
#5 D:\AllWork\ProjectADMIN\AdminNew\app\Controllers\OfficerController.php(34): view('category')
#6 D:\AllWork\ProjectADMIN\AdminNew\system\CodeIgniter.php(832): App\Controllers\OfficerController->showCategory()
#7 D:\AllWork\ProjectADMIN\AdminNew\system\CodeIgniter.php(419): CodeIgniter\CodeIgniter->runController(Object(App\Controllers\OfficerController))
#8 D:\AllWork\ProjectADMIN\AdminNew\system\CodeIgniter.php(326): CodeIgniter\CodeIgniter->handleRequest(NULL, Object(Config\Cache), false)
#9 D:\AllWork\ProjectADMIN\AdminNew\public\index.php(37): CodeIgniter\CodeIgniter->run()
#10 D:\AllWork\ProjectADMIN\AdminNew\system\Commands\Server\rewrite.php(43): require_once('D:\\AllWork\\Proj...')
#11 {main}
CRITICAL - 2022-05-06 04:51:53 --> Undefined variable $pager
#0 D:\AllWork\ProjectADMIN\AdminNew\app\Views\components\ManageCatagory.php(42): CodeIgniter\Debug\Exceptions->errorHandler(2, 'Undefined varia...', 'D:\\AllWork\\Proj...', 42)
#1 D:\AllWork\ProjectADMIN\AdminNew\app\Views\category.php(42): require('D:\\AllWork\\Proj...')
#2 D:\AllWork\ProjectADMIN\AdminNew\system\View\View.php(210): include('D:\\AllWork\\Proj...')
#3 D:\AllWork\ProjectADMIN\AdminNew\system\View\View.php(213): CodeIgniter\View\View->CodeIgniter\View\{closure}()
#4 D:\AllWork\ProjectADMIN\AdminNew\system\Common.php(1089): CodeIgniter\View\View->render('category', Array, true)
#5 D:\AllWork\ProjectADMIN\AdminNew\app\Controllers\OfficerController.php(34): view('category')
#6 D:\AllWork\ProjectADMIN\AdminNew\system\CodeIgniter.php(832): App\Controllers\OfficerController->showCategory()
#7 D:\AllWork\ProjectADMIN\AdminNew\system\CodeIgniter.php(419): CodeIgniter\CodeIgniter->runController(Object(App\Controllers\OfficerController))
#8 D:\AllWork\ProjectADMIN\AdminNew\system\CodeIgniter.php(326): CodeIgniter\CodeIgniter->handleRequest(NULL, Object(Config\Cache), false)
#9 D:\AllWork\ProjectADMIN\AdminNew\public\index.php(37): CodeIgniter\CodeIgniter->run()
#10 D:\AllWork\ProjectADMIN\AdminNew\system\Commands\Server\rewrite.php(43): require_once('D:\\AllWork\\Proj...')
#11 {main}
CRITICAL - 2022-05-06 04:51:54 --> Undefined variable $pager
#0 D:\AllWork\ProjectADMIN\AdminNew\app\Views\components\ManageCatagory.php(42): CodeIgniter\Debug\Exceptions->errorHandler(2, 'Undefined varia...', 'D:\\AllWork\\Proj...', 42)
#1 D:\AllWork\ProjectADMIN\AdminNew\app\Views\category.php(42): require('D:\\AllWork\\Proj...')
#2 D:\AllWork\ProjectADMIN\AdminNew\system\View\View.php(210): include('D:\\AllWork\\Proj...')
#3 D:\AllWork\ProjectADMIN\AdminNew\system\View\View.php(213): CodeIgniter\View\View->CodeIgniter\View\{closure}()
#4 D:\AllWork\ProjectADMIN\AdminNew\system\Common.php(1089): CodeIgniter\View\View->render('category', Array, true)
#5 D:\AllWork\ProjectADMIN\AdminNew\app\Controllers\OfficerController.php(34): view('category')
#6 D:\AllWork\ProjectADMIN\AdminNew\system\CodeIgniter.php(832): App\Controllers\OfficerController->showCategory()
#7 D:\AllWork\ProjectADMIN\AdminNew\system\CodeIgniter.php(419): CodeIgniter\CodeIgniter->runController(Object(App\Controllers\OfficerController))
#8 D:\AllWork\ProjectADMIN\AdminNew\system\CodeIgniter.php(326): CodeIgniter\CodeIgniter->handleRequest(NULL, Object(Config\Cache), false)
#9 D:\AllWork\ProjectADMIN\AdminNew\public\index.php(37): CodeIgniter\CodeIgniter->run()
#10 D:\AllWork\ProjectADMIN\AdminNew\system\Commands\Server\rewrite.php(43): require_once('D:\\AllWork\\Proj...')
#11 {main}
CRITICAL - 2022-05-06 04:52:00 --> Undefined variable $pager
#0 D:\AllWork\ProjectADMIN\AdminNew\app\Views\components\ManageCatagory.php(42): CodeIgniter\Debug\Exceptions->errorHandler(2, 'Undefined varia...', 'D:\\AllWork\\Proj...', 42)
#1 D:\AllWork\ProjectADMIN\AdminNew\app\Views\category.php(42): require('D:\\AllWork\\Proj...')
#2 D:\AllWork\ProjectADMIN\AdminNew\system\View\View.php(210): include('D:\\AllWork\\Proj...')
#3 D:\AllWork\ProjectADMIN\AdminNew\system\View\View.php(213): CodeIgniter\View\View->CodeIgniter\View\{closure}()
#4 D:\AllWork\ProjectADMIN\AdminNew\system\Common.php(1089): CodeIgniter\View\View->render('category', Array, true)
#5 D:\AllWork\ProjectADMIN\AdminNew\app\Controllers\OfficerController.php(34): view('category')
#6 D:\AllWork\ProjectADMIN\AdminNew\system\CodeIgniter.php(832): App\Controllers\OfficerController->showCategory()
#7 D:\AllWork\ProjectADMIN\AdminNew\system\CodeIgniter.php(419): CodeIgniter\CodeIgniter->runController(Object(App\Controllers\OfficerController))
#8 D:\AllWork\ProjectADMIN\AdminNew\system\CodeIgniter.php(326): CodeIgniter\CodeIgniter->handleRequest(NULL, Object(Config\Cache), false)
#9 D:\AllWork\ProjectADMIN\AdminNew\public\index.php(37): CodeIgniter\CodeIgniter->run()
#10 D:\AllWork\ProjectADMIN\AdminNew\system\Commands\Server\rewrite.php(43): require_once('D:\\AllWork\\Proj...')
#11 {main}
CRITICAL - 2022-05-06 04:56:01 --> Undefined variable $user
#0 D:\AllWork\ProjectADMIN\AdminNew\app\Views\components\ManageCatagory.php(42): CodeIgniter\Debug\Exceptions->errorHandler(2, 'Undefined varia...', 'D:\\AllWork\\Proj...', 42)
#1 D:\AllWork\ProjectADMIN\AdminNew\app\Views\category.php(42): require('D:\\AllWork\\Proj...')
#2 D:\AllWork\ProjectADMIN\AdminNew\system\View\View.php(210): include('D:\\AllWork\\Proj...')
#3 D:\AllWork\ProjectADMIN\AdminNew\system\View\View.php(213): CodeIgniter\View\View->CodeIgniter\View\{closure}()
#4 D:\AllWork\ProjectADMIN\AdminNew\system\Common.php(1089): CodeIgniter\View\View->render('category', Array, true)
#5 D:\AllWork\ProjectADMIN\AdminNew\app\Controllers\OfficerController.php(34): view('category')
#6 D:\AllWork\ProjectADMIN\AdminNew\system\CodeIgniter.php(832): App\Controllers\OfficerController->showCategory()
#7 D:\AllWork\ProjectADMIN\AdminNew\system\CodeIgniter.php(419): CodeIgniter\CodeIgniter->runController(Object(App\Controllers\OfficerController))
#8 D:\AllWork\ProjectADMIN\AdminNew\system\CodeIgniter.php(326): CodeIgniter\CodeIgniter->handleRequest(NULL, Object(Config\Cache), false)
#9 D:\AllWork\ProjectADMIN\AdminNew\public\index.php(37): CodeIgniter\CodeIgniter->run()
#10 D:\AllWork\ProjectADMIN\AdminNew\system\Commands\Server\rewrite.php(43): require_once('D:\\AllWork\\Proj...')
#11 {main}
CRITICAL - 2022-05-06 04:56:55 --> Undefined variable $value
#0 D:\AllWork\ProjectADMIN\AdminNew\app\Views\components\ManageCatagory.php(47): CodeIgniter\Debug\Exceptions->errorHandler(2, 'Undefined varia...', 'D:\\AllWork\\Proj...', 47)
#1 D:\AllWork\ProjectADMIN\AdminNew\app\Views\category.php(42): require('D:\\AllWork\\Proj...')
#2 D:\AllWork\ProjectADMIN\AdminNew\system\View\View.php(210): include('D:\\AllWork\\Proj...')
#3 D:\AllWork\ProjectADMIN\AdminNew\system\View\View.php(213): CodeIgniter\View\View->CodeIgniter\View\{closure}()
#4 D:\AllWork\ProjectADMIN\AdminNew\system\Common.php(1089): CodeIgniter\View\View->render('category', Array, true)
#5 D:\AllWork\ProjectADMIN\AdminNew\app\Controllers\OfficerController.php(34): view('category')
#6 D:\AllWork\ProjectADMIN\AdminNew\system\CodeIgniter.php(832): App\Controllers\OfficerController->showCategory()
#7 D:\AllWork\ProjectADMIN\AdminNew\system\CodeIgniter.php(419): CodeIgniter\CodeIgniter->runController(Object(App\Controllers\OfficerController))
#8 D:\AllWork\ProjectADMIN\AdminNew\system\CodeIgniter.php(326): CodeIgniter\CodeIgniter->handleRequest(NULL, Object(Config\Cache), false)
#9 D:\AllWork\ProjectADMIN\AdminNew\public\index.php(37): CodeIgniter\CodeIgniter->run()
#10 D:\AllWork\ProjectADMIN\AdminNew\system\Commands\Server\rewrite.php(43): require_once('D:\\AllWork\\Proj...')
#11 {main}
CRITICAL - 2022-05-06 04:56:55 --> Undefined variable $value
#0 D:\AllWork\ProjectADMIN\AdminNew\app\Views\components\ManageCatagory.php(47): CodeIgniter\Debug\Exceptions->errorHandler(2, 'Undefined varia...', 'D:\\AllWork\\Proj...', 47)
#1 D:\AllWork\ProjectADMIN\AdminNew\app\Views\category.php(42): require('D:\\AllWork\\Proj...')
#2 D:\AllWork\ProjectADMIN\AdminNew\system\View\View.php(210): include('D:\\AllWork\\Proj...')
#3 D:\AllWork\ProjectADMIN\AdminNew\system\View\View.php(213): CodeIgniter\View\View->CodeIgniter\View\{closure}()
#4 D:\AllWork\ProjectADMIN\AdminNew\system\Common.php(1089): CodeIgniter\View\View->render('category', Array, true)
#5 D:\AllWork\ProjectADMIN\AdminNew\app\Controllers\OfficerController.php(34): view('category')
#6 D:\AllWork\ProjectADMIN\AdminNew\system\CodeIgniter.php(832): App\Controllers\OfficerController->showCategory()
#7 D:\AllWork\ProjectADMIN\AdminNew\system\CodeIgniter.php(419): CodeIgniter\CodeIgniter->runController(Object(App\Controllers\OfficerController))
#8 D:\AllWork\ProjectADMIN\AdminNew\system\CodeIgniter.php(326): CodeIgniter\CodeIgniter->handleRequest(NULL, Object(Config\Cache), false)
#9 D:\AllWork\ProjectADMIN\AdminNew\public\index.php(37): CodeIgniter\CodeIgniter->run()
#10 D:\AllWork\ProjectADMIN\AdminNew\system\Commands\Server\rewrite.php(43): require_once('D:\\AllWork\\Proj...')
#11 {main}
CRITICAL - 2022-05-06 04:56:55 --> Undefined variable $value
#0 D:\AllWork\ProjectADMIN\AdminNew\app\Views\components\ManageCatagory.php(47): CodeIgniter\Debug\Exceptions->errorHandler(2, 'Undefined varia...', 'D:\\AllWork\\Proj...', 47)
#1 D:\AllWork\ProjectADMIN\AdminNew\app\Views\category.php(42): require('D:\\AllWork\\Proj...')
#2 D:\AllWork\ProjectADMIN\AdminNew\system\View\View.php(210): include('D:\\AllWork\\Proj...')
#3 D:\AllWork\ProjectADMIN\AdminNew\system\View\View.php(213): CodeIgniter\View\View->CodeIgniter\View\{closure}()
#4 D:\AllWork\ProjectADMIN\AdminNew\system\Common.php(1089): CodeIgniter\View\View->render('category', Array, true)
#5 D:\AllWork\ProjectADMIN\AdminNew\app\Controllers\OfficerController.php(34): view('category')
#6 D:\AllWork\ProjectADMIN\AdminNew\system\CodeIgniter.php(832): App\Controllers\OfficerController->showCategory()
#7 D:\AllWork\ProjectADMIN\AdminNew\system\CodeIgniter.php(419): CodeIgniter\CodeIgniter->runController(Object(App\Controllers\OfficerController))
#8 D:\AllWork\ProjectADMIN\AdminNew\system\CodeIgniter.php(326): CodeIgniter\CodeIgniter->handleRequest(NULL, Object(Config\Cache), false)
#9 D:\AllWork\ProjectADMIN\AdminNew\public\index.php(37): CodeIgniter\CodeIgniter->run()
#10 D:\AllWork\ProjectADMIN\AdminNew\system\Commands\Server\rewrite.php(43): require_once('D:\\AllWork\\Proj...')
#11 {main}
CRITICAL - 2022-05-06 04:56:57 --> Undefined variable $value
#0 D:\AllWork\ProjectADMIN\AdminNew\app\Views\components\ManageCatagory.php(47): CodeIgniter\Debug\Exceptions->errorHandler(2, 'Undefined varia...', 'D:\\AllWork\\Proj...', 47)
#1 D:\AllWork\ProjectADMIN\AdminNew\app\Views\category.php(42): require('D:\\AllWork\\Proj...')
#2 D:\AllWork\ProjectADMIN\AdminNew\system\View\View.php(210): include('D:\\AllWork\\Proj...')
#3 D:\AllWork\ProjectADMIN\AdminNew\system\View\View.php(213): CodeIgniter\View\View->CodeIgniter\View\{closure}()
#4 D:\AllWork\ProjectADMIN\AdminNew\system\Common.php(1089): CodeIgniter\View\View->render('category', Array, true)
#5 D:\AllWork\ProjectADMIN\AdminNew\app\Controllers\OfficerController.php(34): view('category')
#6 D:\AllWork\ProjectADMIN\AdminNew\system\CodeIgniter.php(832): App\Controllers\OfficerController->showCategory()
#7 D:\AllWork\ProjectADMIN\AdminNew\system\CodeIgniter.php(419): CodeIgniter\CodeIgniter->runController(Object(App\Controllers\OfficerController))
#8 D:\AllWork\ProjectADMIN\AdminNew\system\CodeIgniter.php(326): CodeIgniter\CodeIgniter->handleRequest(NULL, Object(Config\Cache), false)
#9 D:\AllWork\ProjectADMIN\AdminNew\public\index.php(37): CodeIgniter\CodeIgniter->run()
#10 D:\AllWork\ProjectADMIN\AdminNew\system\Commands\Server\rewrite.php(43): require_once('D:\\AllWork\\Proj...')
#11 {main}
CRITICAL - 2022-05-06 04:56:58 --> Undefined variable $value
#0 D:\AllWork\ProjectADMIN\AdminNew\app\Views\components\ManageCatagory.php(47): CodeIgniter\Debug\Exceptions->errorHandler(2, 'Undefined varia...', 'D:\\AllWork\\Proj...', 47)
#1 D:\AllWork\ProjectADMIN\AdminNew\app\Views\category.php(42): require('D:\\AllWork\\Proj...')
#2 D:\AllWork\ProjectADMIN\AdminNew\system\View\View.php(210): include('D:\\AllWork\\Proj...')
#3 D:\AllWork\ProjectADMIN\AdminNew\system\View\View.php(213): CodeIgniter\View\View->CodeIgniter\View\{closure}()
#4 D:\AllWork\ProjectADMIN\AdminNew\system\Common.php(1089): CodeIgniter\View\View->render('category', Array, true)
#5 D:\AllWork\ProjectADMIN\AdminNew\app\Controllers\OfficerController.php(34): view('category')
#6 D:\AllWork\ProjectADMIN\AdminNew\system\CodeIgniter.php(832): App\Controllers\OfficerController->showCategory()
#7 D:\AllWork\ProjectADMIN\AdminNew\system\CodeIgniter.php(419): CodeIgniter\CodeIgniter->runController(Object(App\Controllers\OfficerController))
#8 D:\AllWork\ProjectADMIN\AdminNew\system\CodeIgniter.php(326): CodeIgniter\CodeIgniter->handleRequest(NULL, Object(Config\Cache), false)
#9 D:\AllWork\ProjectADMIN\AdminNew\public\index.php(37): CodeIgniter\CodeIgniter->run()
#10 D:\AllWork\ProjectADMIN\AdminNew\system\Commands\Server\rewrite.php(43): require_once('D:\\AllWork\\Proj...')
#11 {main}
CRITICAL - 2022-05-06 04:56:58 --> Undefined variable $value
#0 D:\AllWork\ProjectADMIN\AdminNew\app\Views\components\ManageCatagory.php(47): CodeIgniter\Debug\Exceptions->errorHandler(2, 'Undefined varia...', 'D:\\AllWork\\Proj...', 47)
#1 D:\AllWork\ProjectADMIN\AdminNew\app\Views\category.php(42): require('D:\\AllWork\\Proj...')
#2 D:\AllWork\ProjectADMIN\AdminNew\system\View\View.php(210): include('D:\\AllWork\\Proj...')
#3 D:\AllWork\ProjectADMIN\AdminNew\system\View\View.php(213): CodeIgniter\View\View->CodeIgniter\View\{closure}()
#4 D:\AllWork\ProjectADMIN\AdminNew\system\Common.php(1089): CodeIgniter\View\View->render('category', Array, true)
#5 D:\AllWork\ProjectADMIN\AdminNew\app\Controllers\OfficerController.php(34): view('category')
#6 D:\AllWork\ProjectADMIN\AdminNew\system\CodeIgniter.php(832): App\Controllers\OfficerController->showCategory()
#7 D:\AllWork\ProjectADMIN\AdminNew\system\CodeIgniter.php(419): CodeIgniter\CodeIgniter->runController(Object(App\Controllers\OfficerController))
#8 D:\AllWork\ProjectADMIN\AdminNew\system\CodeIgniter.php(326): CodeIgniter\CodeIgniter->handleRequest(NULL, Object(Config\Cache), false)
#9 D:\AllWork\ProjectADMIN\AdminNew\public\index.php(37): CodeIgniter\CodeIgniter->run()
#10 D:\AllWork\ProjectADMIN\AdminNew\system\Commands\Server\rewrite.php(43): require_once('D:\\AllWork\\Proj...')
#11 {main}
CRITICAL - 2022-05-06 04:57:04 --> Undefined variable $value
#0 D:\AllWork\ProjectADMIN\AdminNew\app\Views\components\ManageCatagory.php(47): CodeIgniter\Debug\Exceptions->errorHandler(2, 'Undefined varia...', 'D:\\AllWork\\Proj...', 47)
#1 D:\AllWork\ProjectADMIN\AdminNew\app\Views\category.php(42): require('D:\\AllWork\\Proj...')
#2 D:\AllWork\ProjectADMIN\AdminNew\system\View\View.php(210): include('D:\\AllWork\\Proj...')
#3 D:\AllWork\ProjectADMIN\AdminNew\system\View\View.php(213): CodeIgniter\View\View->CodeIgniter\View\{closure}()
#4 D:\AllWork\ProjectADMIN\AdminNew\system\Common.php(1089): CodeIgniter\View\View->render('category', Array, true)
#5 D:\AllWork\ProjectADMIN\AdminNew\app\Controllers\OfficerController.php(34): view('category')
#6 D:\AllWork\ProjectADMIN\AdminNew\system\CodeIgniter.php(832): App\Controllers\OfficerController->showCategory()
#7 D:\AllWork\ProjectADMIN\AdminNew\system\CodeIgniter.php(419): CodeIgniter\CodeIgniter->runController(Object(App\Controllers\OfficerController))
#8 D:\AllWork\ProjectADMIN\AdminNew\system\CodeIgniter.php(326): CodeIgniter\CodeIgniter->handleRequest(NULL, Object(Config\Cache), false)
#9 D:\AllWork\ProjectADMIN\AdminNew\public\index.php(37): CodeIgniter\CodeIgniter->run()
#10 D:\AllWork\ProjectADMIN\AdminNew\system\Commands\Server\rewrite.php(43): require_once('D:\\AllWork\\Proj...')
#11 {main}
CRITICAL - 2022-05-06 04:57:14 --> Undefined variable $value
#0 D:\AllWork\ProjectADMIN\AdminNew\app\Views\components\ManageCatagory.php(49): CodeIgniter\Debug\Exceptions->errorHandler(2, 'Undefined varia...', 'D:\\AllWork\\Proj...', 49)
#1 D:\AllWork\ProjectADMIN\AdminNew\app\Views\category.php(42): require('D:\\AllWork\\Proj...')
#2 D:\AllWork\ProjectADMIN\AdminNew\system\View\View.php(210): include('D:\\AllWork\\Proj...')
#3 D:\AllWork\ProjectADMIN\AdminNew\system\View\View.php(213): CodeIgniter\View\View->CodeIgniter\View\{closure}()
#4 D:\AllWork\ProjectADMIN\AdminNew\system\Common.php(1089): CodeIgniter\View\View->render('category', Array, true)
#5 D:\AllWork\ProjectADMIN\AdminNew\app\Controllers\OfficerController.php(34): view('category')
#6 D:\AllWork\ProjectADMIN\AdminNew\system\CodeIgniter.php(832): App\Controllers\OfficerController->showCategory()
#7 D:\AllWork\ProjectADMIN\AdminNew\system\CodeIgniter.php(419): CodeIgniter\CodeIgniter->runController(Object(App\Controllers\OfficerController))
#8 D:\AllWork\ProjectADMIN\AdminNew\system\CodeIgniter.php(326): CodeIgniter\CodeIgniter->handleRequest(NULL, Object(Config\Cache), false)
#9 D:\AllWork\ProjectADMIN\AdminNew\public\index.php(37): CodeIgniter\CodeIgniter->run()
#10 D:\AllWork\ProjectADMIN\AdminNew\system\Commands\Server\rewrite.php(43): require_once('D:\\AllWork\\Proj...')
#11 {main}
CRITICAL - 2022-05-06 04:57:15 --> Undefined variable $value
#0 D:\AllWork\ProjectADMIN\AdminNew\app\Views\components\ManageCatagory.php(49): CodeIgniter\Debug\Exceptions->errorHandler(2, 'Undefined varia...', 'D:\\AllWork\\Proj...', 49)
#1 D:\AllWork\ProjectADMIN\AdminNew\app\Views\category.php(42): require('D:\\AllWork\\Proj...')
#2 D:\AllWork\ProjectADMIN\AdminNew\system\View\View.php(210): include('D:\\AllWork\\Proj...')
#3 D:\AllWork\ProjectADMIN\AdminNew\system\View\View.php(213): CodeIgniter\View\View->CodeIgniter\View\{closure}()
#4 D:\AllWork\ProjectADMIN\AdminNew\system\Common.php(1089): CodeIgniter\View\View->render('category', Array, true)
#5 D:\AllWork\ProjectADMIN\AdminNew\app\Controllers\OfficerController.php(34): view('category')
#6 D:\AllWork\ProjectADMIN\AdminNew\system\CodeIgniter.php(832): App\Controllers\OfficerController->showCategory()
#7 D:\AllWork\ProjectADMIN\AdminNew\system\CodeIgniter.php(419): CodeIgniter\CodeIgniter->runController(Object(App\Controllers\OfficerController))
#8 D:\AllWork\ProjectADMIN\AdminNew\system\CodeIgniter.php(326): CodeIgniter\CodeIgniter->handleRequest(NULL, Object(Config\Cache), false)
#9 D:\AllWork\ProjectADMIN\AdminNew\public\index.php(37): CodeIgniter\CodeIgniter->run()
#10 D:\AllWork\ProjectADMIN\AdminNew\system\Commands\Server\rewrite.php(43): require_once('D:\\AllWork\\Proj...')
#11 {main}
CRITICAL - 2022-05-06 04:57:47 --> Undefined variable $value
#0 D:\AllWork\ProjectADMIN\AdminNew\app\Views\components\ManageCatagory.php(57): CodeIgniter\Debug\Exceptions->errorHandler(2, 'Undefined varia...', 'D:\\AllWork\\Proj...', 57)
#1 D:\AllWork\ProjectADMIN\AdminNew\app\Views\category.php(42): require('D:\\AllWork\\Proj...')
#2 D:\AllWork\ProjectADMIN\AdminNew\system\View\View.php(210): include('D:\\AllWork\\Proj...')
#3 D:\AllWork\ProjectADMIN\AdminNew\system\View\View.php(213): CodeIgniter\View\View->CodeIgniter\View\{closure}()
#4 D:\AllWork\ProjectADMIN\AdminNew\system\Common.php(1089): CodeIgniter\View\View->render('category', Array, true)
#5 D:\AllWork\ProjectADMIN\AdminNew\app\Controllers\OfficerController.php(34): view('category')
#6 D:\AllWork\ProjectADMIN\AdminNew\system\CodeIgniter.php(832): App\Controllers\OfficerController->showCategory()
#7 D:\AllWork\ProjectADMIN\AdminNew\system\CodeIgniter.php(419): CodeIgniter\CodeIgniter->runController(Object(App\Controllers\OfficerController))
#8 D:\AllWork\ProjectADMIN\AdminNew\system\CodeIgniter.php(326): CodeIgniter\CodeIgniter->handleRequest(NULL, Object(Config\Cache), false)
#9 D:\AllWork\ProjectADMIN\AdminNew\public\index.php(37): CodeIgniter\CodeIgniter->run()
#10 D:\AllWork\ProjectADMIN\AdminNew\system\Commands\Server\rewrite.php(43): require_once('D:\\AllWork\\Proj...')
#11 {main}
CRITICAL - 2022-05-06 04:58:25 --> Undefined variable $pager
#0 D:\AllWork\ProjectADMIN\AdminNew\app\Views\components\ManageCatagory.php(75): CodeIgniter\Debug\Exceptions->errorHandler(2, 'Undefined varia...', 'D:\\AllWork\\Proj...', 75)
#1 D:\AllWork\ProjectADMIN\AdminNew\app\Views\category.php(42): require('D:\\AllWork\\Proj...')
#2 D:\AllWork\ProjectADMIN\AdminNew\system\View\View.php(210): include('D:\\AllWork\\Proj...')
#3 D:\AllWork\ProjectADMIN\AdminNew\system\View\View.php(213): CodeIgniter\View\View->CodeIgniter\View\{closure}()
#4 D:\AllWork\ProjectADMIN\AdminNew\system\Common.php(1089): CodeIgniter\View\View->render('category', Array, true)
#5 D:\AllWork\ProjectADMIN\AdminNew\app\Controllers\OfficerController.php(34): view('category')
#6 D:\AllWork\ProjectADMIN\AdminNew\system\CodeIgniter.php(832): App\Controllers\OfficerController->showCategory()
#7 D:\AllWork\ProjectADMIN\AdminNew\system\CodeIgniter.php(419): CodeIgniter\CodeIgniter->runController(Object(App\Controllers\OfficerController))
#8 D:\AllWork\ProjectADMIN\AdminNew\system\CodeIgniter.php(326): CodeIgniter\CodeIgniter->handleRequest(NULL, Object(Config\Cache), false)
#9 D:\AllWork\ProjectADMIN\AdminNew\public\index.php(37): CodeIgniter\CodeIgniter->run()
#10 D:\AllWork\ProjectADMIN\AdminNew\system\Commands\Server\rewrite.php(43): require_once('D:\\AllWork\\Proj...')
#11 {main}
CRITICAL - 2022-05-06 04:58:25 --> Undefined variable $pager
#0 D:\AllWork\ProjectADMIN\AdminNew\app\Views\components\ManageCatagory.php(75): CodeIgniter\Debug\Exceptions->errorHandler(2, 'Undefined varia...', 'D:\\AllWork\\Proj...', 75)
#1 D:\AllWork\ProjectADMIN\AdminNew\app\Views\category.php(42): require('D:\\AllWork\\Proj...')
#2 D:\AllWork\ProjectADMIN\AdminNew\system\View\View.php(210): include('D:\\AllWork\\Proj...')
#3 D:\AllWork\ProjectADMIN\AdminNew\system\View\View.php(213): CodeIgniter\View\View->CodeIgniter\View\{closure}()
#4 D:\AllWork\ProjectADMIN\AdminNew\system\Common.php(1089): CodeIgniter\View\View->render('category', Array, true)
#5 D:\AllWork\ProjectADMIN\AdminNew\app\Controllers\OfficerController.php(34): view('category')
#6 D:\AllWork\ProjectADMIN\AdminNew\system\CodeIgniter.php(832): App\Controllers\OfficerController->showCategory()
#7 D:\AllWork\ProjectADMIN\AdminNew\system\CodeIgniter.php(419): CodeIgniter\CodeIgniter->runController(Object(App\Controllers\OfficerController))
#8 D:\AllWork\ProjectADMIN\AdminNew\system\CodeIgniter.php(326): CodeIgniter\CodeIgniter->handleRequest(NULL, Object(Config\Cache), false)
#9 D:\AllWork\ProjectADMIN\AdminNew\public\index.php(37): CodeIgniter\CodeIgniter->run()
#10 D:\AllWork\ProjectADMIN\AdminNew\system\Commands\Server\rewrite.php(43): require_once('D:\\AllWork\\Proj...')
#11 {main}
