CRITICAL - 2022-05-05 04:09:27 --> Undefined variable $comments
#0 D:\AllWork\ProjectADMIN\AdminNew\app\Views\components\Post.php(64): CodeIgniter\Debug\Exceptions->errorHandler(2, 'Undefined varia...', 'D:\\AllWork\\Proj...', 64)
#1 D:\AllWork\ProjectADMIN\AdminNew\app\Views\postmanage.php(42): require('D:\\AllWork\\Proj...')
#2 D:\AllWork\ProjectADMIN\AdminNew\system\View\View.php(210): include('D:\\AllWork\\Proj...')
#3 D:\AllWork\ProjectADMIN\AdminNew\system\View\View.php(213): CodeIgniter\View\View->CodeIgniter\View\{closure}()
#4 D:\AllWork\ProjectADMIN\AdminNew\system\Common.php(1089): CodeIgniter\View\View->render('postmanage', Array, true)
#5 D:\AllWork\ProjectADMIN\AdminNew\app\Controllers\ReportController.php(26): view('postmanage', Array)
#6 D:\AllWork\ProjectADMIN\AdminNew\system\CodeIgniter.php(832): App\Controllers\ReportController->viewPost()
#7 D:\AllWork\ProjectADMIN\AdminNew\system\CodeIgniter.php(419): CodeIgniter\CodeIgniter->runController(Object(App\Controllers\ReportController))
#8 D:\AllWork\ProjectADMIN\AdminNew\system\CodeIgniter.php(326): CodeIgniter\CodeIgniter->handleRequest(NULL, Object(Config\Cache), false)
#9 D:\AllWork\ProjectADMIN\AdminNew\public\index.php(37): CodeIgniter\CodeIgniter->run()
#10 D:\AllWork\ProjectADMIN\AdminNew\system\Commands\Server\rewrite.php(43): require_once('D:\\AllWork\\Proj...')
#11 {main}
ERROR - 2022-05-05 06:08:42 --> Column 'gender' cannot be null
CRITICAL - 2022-05-05 06:08:42 --> Column 'gender' cannot be null
#0 D:\AllWork\ProjectADMIN\AdminNew\system\Database\MySQLi\Connection.php(292): mysqli->query('INSERT INTO `of...', 0)
#1 D:\AllWork\ProjectADMIN\AdminNew\system\Database\BaseConnection.php(670): CodeIgniter\Database\MySQLi\Connection->execute('INSERT INTO `of...')
#2 D:\AllWork\ProjectADMIN\AdminNew\system\Database\BaseConnection.php(598): CodeIgniter\Database\BaseConnection->simpleQuery('INSERT INTO `of...')
#3 D:\AllWork\ProjectADMIN\AdminNew\system\Database\BaseBuilder.php(1771): CodeIgniter\Database\BaseConnection->query('INSERT INTO `of...', Array, false)
#4 D:\AllWork\ProjectADMIN\AdminNew\system\Model.php(239): CodeIgniter\Database\BaseBuilder->insert()
#5 D:\AllWork\ProjectADMIN\AdminNew\system\BaseModel.php(738): CodeIgniter\Model->doInsert(Array)
#6 D:\AllWork\ProjectADMIN\AdminNew\system\Model.php(625): CodeIgniter\BaseModel->insert(Array, false)
#7 D:\AllWork\ProjectADMIN\AdminNew\system\BaseModel.php(658): CodeIgniter\Model->insert(Array, false)
#8 D:\AllWork\ProjectADMIN\AdminNew\app\Models\OfficerModel.php(15): CodeIgniter\BaseModel->save(Array)
#9 D:\AllWork\ProjectADMIN\AdminNew\app\Controllers\OfficerController.php(45): App\Models\OfficerModel->register(Array)
#10 D:\AllWork\ProjectADMIN\AdminNew\system\CodeIgniter.php(832): App\Controllers\OfficerController->register()
#11 D:\AllWork\ProjectADMIN\AdminNew\system\CodeIgniter.php(419): CodeIgniter\CodeIgniter->runController(Object(App\Controllers\OfficerController))
#12 D:\AllWork\ProjectADMIN\AdminNew\system\CodeIgniter.php(326): CodeIgniter\CodeIgniter->handleRequest(NULL, Object(Config\Cache), false)
#13 D:\AllWork\ProjectADMIN\AdminNew\public\index.php(37): CodeIgniter\CodeIgniter->run()
#14 D:\AllWork\ProjectADMIN\AdminNew\system\Commands\Server\rewrite.php(43): require_once('D:\\AllWork\\Proj...')
#15 {main}
ERROR - 2022-05-05 06:08:45 --> Column 'gender' cannot be null
CRITICAL - 2022-05-05 06:08:45 --> Column 'gender' cannot be null
#0 D:\AllWork\ProjectADMIN\AdminNew\system\Database\MySQLi\Connection.php(292): mysqli->query('INSERT INTO `of...', 0)
#1 D:\AllWork\ProjectADMIN\AdminNew\system\Database\BaseConnection.php(670): CodeIgniter\Database\MySQLi\Connection->execute('INSERT INTO `of...')
#2 D:\AllWork\ProjectADMIN\AdminNew\system\Database\BaseConnection.php(598): CodeIgniter\Database\BaseConnection->simpleQuery('INSERT INTO `of...')
#3 D:\AllWork\ProjectADMIN\AdminNew\system\Database\BaseBuilder.php(1771): CodeIgniter\Database\BaseConnection->query('INSERT INTO `of...', Array, false)
#4 D:\AllWork\ProjectADMIN\AdminNew\system\Model.php(239): CodeIgniter\Database\BaseBuilder->insert()
#5 D:\AllWork\ProjectADMIN\AdminNew\system\BaseModel.php(738): CodeIgniter\Model->doInsert(Array)
#6 D:\AllWork\ProjectADMIN\AdminNew\system\Model.php(625): CodeIgniter\BaseModel->insert(Array, false)
#7 D:\AllWork\ProjectADMIN\AdminNew\system\BaseModel.php(658): CodeIgniter\Model->insert(Array, false)
#8 D:\AllWork\ProjectADMIN\AdminNew\app\Models\OfficerModel.php(15): CodeIgniter\BaseModel->save(Array)
#9 D:\AllWork\ProjectADMIN\AdminNew\app\Controllers\OfficerController.php(45): App\Models\OfficerModel->register(Array)
#10 D:\AllWork\ProjectADMIN\AdminNew\system\CodeIgniter.php(832): App\Controllers\OfficerController->register()
#11 D:\AllWork\ProjectADMIN\AdminNew\system\CodeIgniter.php(419): CodeIgniter\CodeIgniter->runController(Object(App\Controllers\OfficerController))
#12 D:\AllWork\ProjectADMIN\AdminNew\system\CodeIgniter.php(326): CodeIgniter\CodeIgniter->handleRequest(NULL, Object(Config\Cache), false)
#13 D:\AllWork\ProjectADMIN\AdminNew\public\index.php(37): CodeIgniter\CodeIgniter->run()
#14 D:\AllWork\ProjectADMIN\AdminNew\system\Commands\Server\rewrite.php(43): require_once('D:\\AllWork\\Proj...')
#15 {main}
