ERROR - 2022-03-31 02:08:52 --> Error connecting to the database: No connection could be made because the target machine actively refused it.

CRITICAL - 2022-03-31 02:08:52 --> Unable to connect to the database.
Main connection [MySQLi]: No connection could be made because the target machine actively refused it.

#0 C:\xampp\htdocs\AdminNew\system\Database\BaseConnection.php(577): CodeIgniter\Database\BaseConnection->initialize()
#1 C:\xampp\htdocs\AdminNew\system\Database\BaseBuilder.php(1455): CodeIgniter\Database\BaseConnection->query('SELECT *\nFROM `...', Array, false)
#2 C:\xampp\htdocs\AdminNew\system\Model.php(210): CodeIgniter\Database\BaseBuilder->get()
#3 C:\xampp\htdocs\AdminNew\system\BaseModel.php(622): CodeIgniter\Model->doFirst()
#4 C:\xampp\htdocs\AdminNew\app\Models\OfficerModel.php(20): CodeIgniter\BaseModel->first()
#5 C:\xampp\htdocs\AdminNew\app\Controllers\OfficerController.php(60): App\Models\OfficerModel->login('Yannasit', '123456')
#6 C:\xampp\htdocs\AdminNew\system\CodeIgniter.php(832): App\Controllers\OfficerController->login()
#7 C:\xampp\htdocs\AdminNew\system\CodeIgniter.php(419): CodeIgniter\CodeIgniter->runController(Object(App\Controllers\OfficerController))
#8 C:\xampp\htdocs\AdminNew\system\CodeIgniter.php(326): CodeIgniter\CodeIgniter->handleRequest(NULL, Object(Config\Cache), false)
#9 C:\xampp\htdocs\AdminNew\public\index.php(37): CodeIgniter\CodeIgniter->run()
#10 C:\xampp\htdocs\AdminNew\system\Commands\Server\rewrite.php(43): require_once('C:\\xampp\\htdocs...')
#11 {main}
ERROR - 2022-03-31 21:31:12 --> Error connecting to the database: No connection could be made because the target machine actively refused it
CRITICAL - 2022-03-31 21:31:12 --> Unable to connect to the database.
Main connection [MySQLi]: No connection could be made because the target machine actively refused it
#0 D:\AllWork\ProjectADMIN\AdminNew\system\Database\BaseConnection.php(577): CodeIgniter\Database\BaseConnection->initialize()
#1 D:\AllWork\ProjectADMIN\AdminNew\system\Database\BaseBuilder.php(1455): CodeIgniter\Database\BaseConnection->query('SELECT *\nFROM `...', Array, false)
#2 D:\AllWork\ProjectADMIN\AdminNew\system\Model.php(210): CodeIgniter\Database\BaseBuilder->get()
#3 D:\AllWork\ProjectADMIN\AdminNew\system\BaseModel.php(622): CodeIgniter\Model->doFirst()
#4 D:\AllWork\ProjectADMIN\AdminNew\app\Models\OfficerModel.php(20): CodeIgniter\BaseModel->first()
#5 D:\AllWork\ProjectADMIN\AdminNew\app\Controllers\OfficerController.php(60): App\Models\OfficerModel->login('Nutnoiz', '123456')
#6 D:\AllWork\ProjectADMIN\AdminNew\system\CodeIgniter.php(832): App\Controllers\OfficerController->login()
#7 D:\AllWork\ProjectADMIN\AdminNew\system\CodeIgniter.php(419): CodeIgniter\CodeIgniter->runController(Object(App\Controllers\OfficerController))
#8 D:\AllWork\ProjectADMIN\AdminNew\system\CodeIgniter.php(326): CodeIgniter\CodeIgniter->handleRequest(NULL, Object(Config\Cache), false)
#9 D:\AllWork\ProjectADMIN\AdminNew\public\index.php(37): CodeIgniter\CodeIgniter->run()
#10 D:\AllWork\ProjectADMIN\AdminNew\system\Commands\Server\rewrite.php(43): require_once('D:\\AllWork\\Proj...')
#11 {main}
