CRITICAL - 2022-05-19 21:58:12 --> require(SqlConnect): Failed to open stream: No such file or directory
#0 C:\xampp\htdocs\AdminNew\app\Views\allusermanage.php(38): CodeIgniter\Debug\Exceptions->errorHandler(2, 'require(SqlConn...', 'C:\\xampp\\htdocs...', 38)
#1 C:\xampp\htdocs\AdminNew\app\Views\allusermanage.php(38): require()
#2 C:\xampp\htdocs\AdminNew\system\View\View.php(210): include('C:\\xampp\\htdocs...')
#3 C:\xampp\htdocs\AdminNew\system\View\View.php(213): CodeIgniter\View\View->CodeIgniter\View\{closure}()
#4 C:\xampp\htdocs\AdminNew\system\Common.php(1089): CodeIgniter\View\View->render('allusermanage', Array, true)
#5 C:\xampp\htdocs\AdminNew\app\Controllers\UserController.php(111): view('allusermanage', Array)
#6 C:\xampp\htdocs\AdminNew\system\CodeIgniter.php(832): App\Controllers\UserController->viewAllUser()
#7 C:\xampp\htdocs\AdminNew\system\CodeIgniter.php(419): CodeIgniter\CodeIgniter->runController(Object(App\Controllers\UserController))
#8 C:\xampp\htdocs\AdminNew\system\CodeIgniter.php(326): CodeIgniter\CodeIgniter->handleRequest(NULL, Object(Config\Cache), false)
#9 C:\xampp\htdocs\AdminNew\public\index.php(37): CodeIgniter\CodeIgniter->run()
#10 C:\xampp\htdocs\AdminNew\system\Commands\Server\rewrite.php(43): require_once('C:\\xampp\\htdocs...')
#11 {main}
CRITICAL - 2022-05-19 21:59:43 --> Cannot use object of type mysqli_result as array
#0 C:\xampp\htdocs\AdminNew\system\View\View.php(210): include()
#1 C:\xampp\htdocs\AdminNew\system\View\View.php(213): CodeIgniter\View\View->CodeIgniter\View\{closure}()
#2 C:\xampp\htdocs\AdminNew\system\Common.php(1089): CodeIgniter\View\View->render('allusermanage', Array, true)
#3 C:\xampp\htdocs\AdminNew\app\Controllers\UserController.php(111): view('allusermanage', Array)
#4 C:\xampp\htdocs\AdminNew\system\CodeIgniter.php(832): App\Controllers\UserController->viewAllUser()
#5 C:\xampp\htdocs\AdminNew\system\CodeIgniter.php(419): CodeIgniter\CodeIgniter->runController(Object(App\Controllers\UserController))
#6 C:\xampp\htdocs\AdminNew\system\CodeIgniter.php(326): CodeIgniter\CodeIgniter->handleRequest(NULL, Object(Config\Cache), false)
#7 C:\xampp\htdocs\AdminNew\public\index.php(37): CodeIgniter\CodeIgniter->run()
#8 C:\xampp\htdocs\AdminNew\system\Commands\Server\rewrite.php(43): require_once('C:\\xampp\\htdocs...')
#9 {main}
