CRITICAL - 2022-05-15 23:37:04 --> Undefined array key "reportId"
#0 C:\xampp\htdocs\AdminNew\app\Views\components\PostReport.php(16): CodeIgniter\Debug\Exceptions->errorHandler(2, 'Undefined array...', 'C:\\xampp\\htdocs...', 16)
#1 C:\xampp\htdocs\AdminNew\app\Views\reportpost.php(39): require('C:\\xampp\\htdocs...')
#2 C:\xampp\htdocs\AdminNew\system\View\View.php(210): include('C:\\xampp\\htdocs...')
#3 C:\xampp\htdocs\AdminNew\system\View\View.php(213): CodeIgniter\View\View->CodeIgniter\View\{closure}()
#4 C:\xampp\htdocs\AdminNew\system\Common.php(1089): CodeIgniter\View\View->render('reportPost', Array, true)
#5 C:\xampp\htdocs\AdminNew\app\Controllers\ReportController.php(22): view('reportPost', Array)
#6 C:\xampp\htdocs\AdminNew\system\CodeIgniter.php(832): App\Controllers\ReportController->viewReport()
#7 C:\xampp\htdocs\AdminNew\system\CodeIgniter.php(419): CodeIgniter\CodeIgniter->runController(Object(App\Controllers\ReportController))
#8 C:\xampp\htdocs\AdminNew\system\CodeIgniter.php(326): CodeIgniter\CodeIgniter->handleRequest(NULL, Object(Config\Cache), false)
#9 C:\xampp\htdocs\AdminNew\public\index.php(37): CodeIgniter\CodeIgniter->run()
#10 C:\xampp\htdocs\AdminNew\system\Commands\Server\rewrite.php(43): require_once('C:\\xampp\\htdocs...')
#11 {main}
CRITICAL - 2022-05-15 23:39:25 --> Unclosed '{' on line 11
#0 C:\xampp\htdocs\AdminNew\system\Autoloader\Autoloader.php(241): CodeIgniter\Autoloader\Autoloader->includeFile('C:\\xampp\\htdocs...')
#1 C:\xampp\htdocs\AdminNew\system\Autoloader\Autoloader.php(219): CodeIgniter\Autoloader\Autoloader->loadInNamespace('App\\Controllers...')
#2 [internal function]: CodeIgniter\Autoloader\Autoloader->loadClass('App\\Controllers...')
#3 C:\xampp\htdocs\AdminNew\system\CodeIgniter.php(797): class_exists('\\App\\Controller...', true)
#4 C:\xampp\htdocs\AdminNew\system\CodeIgniter.php(406): CodeIgniter\CodeIgniter->startController()
#5 C:\xampp\htdocs\AdminNew\system\CodeIgniter.php(326): CodeIgniter\CodeIgniter->handleRequest(NULL, Object(Config\Cache), false)
#6 C:\xampp\htdocs\AdminNew\public\index.php(37): CodeIgniter\CodeIgniter->run()
#7 C:\xampp\htdocs\AdminNew\system\Commands\Server\rewrite.php(43): require_once('C:\\xampp\\htdocs...')
#8 {main}
CRITICAL - 2022-05-15 23:41:15 --> syntax error, unexpected variable "$routes"
#0 C:\xampp\htdocs\AdminNew\system\CodeIgniter.php(368): CodeIgniter\CodeIgniter->tryToRouteIt(NULL)
#1 C:\xampp\htdocs\AdminNew\system\CodeIgniter.php(326): CodeIgniter\CodeIgniter->handleRequest(NULL, Object(Config\Cache), false)
#2 C:\xampp\htdocs\AdminNew\public\index.php(37): CodeIgniter\CodeIgniter->run()
#3 C:\xampp\htdocs\AdminNew\system\Commands\Server\rewrite.php(43): require_once('C:\\xampp\\htdocs...')
#4 {main}
CRITICAL - 2022-05-15 23:42:37 --> Undefined array key "reportId"
#0 C:\xampp\htdocs\AdminNew\app\Views\components\PostReport.php(16): CodeIgniter\Debug\Exceptions->errorHandler(2, 'Undefined array...', 'C:\\xampp\\htdocs...', 16)
#1 C:\xampp\htdocs\AdminNew\app\Views\reportpost.php(39): require('C:\\xampp\\htdocs...')
#2 C:\xampp\htdocs\AdminNew\system\View\View.php(210): include('C:\\xampp\\htdocs...')
#3 C:\xampp\htdocs\AdminNew\system\View\View.php(213): CodeIgniter\View\View->CodeIgniter\View\{closure}()
#4 C:\xampp\htdocs\AdminNew\system\Common.php(1089): CodeIgniter\View\View->render('reportPost', Array, true)
#5 C:\xampp\htdocs\AdminNew\app\Controllers\ReportController.php(22): view('reportPost', Array)
#6 C:\xampp\htdocs\AdminNew\system\CodeIgniter.php(832): App\Controllers\ReportController->viewReport()
#7 C:\xampp\htdocs\AdminNew\system\CodeIgniter.php(419): CodeIgniter\CodeIgniter->runController(Object(App\Controllers\ReportController))
#8 C:\xampp\htdocs\AdminNew\system\CodeIgniter.php(326): CodeIgniter\CodeIgniter->handleRequest(NULL, Object(Config\Cache), false)
#9 C:\xampp\htdocs\AdminNew\public\index.php(37): CodeIgniter\CodeIgniter->run()
#10 C:\xampp\htdocs\AdminNew\system\Commands\Server\rewrite.php(43): require_once('C:\\xampp\\htdocs...')
#11 {main}
CRITICAL - 2022-05-15 23:42:42 --> Undefined array key "reportId"
#0 C:\xampp\htdocs\AdminNew\app\Views\components\PostReport.php(16): CodeIgniter\Debug\Exceptions->errorHandler(2, 'Undefined array...', 'C:\\xampp\\htdocs...', 16)
#1 C:\xampp\htdocs\AdminNew\app\Views\reportpost.php(39): require('C:\\xampp\\htdocs...')
#2 C:\xampp\htdocs\AdminNew\system\View\View.php(210): include('C:\\xampp\\htdocs...')
#3 C:\xampp\htdocs\AdminNew\system\View\View.php(213): CodeIgniter\View\View->CodeIgniter\View\{closure}()
#4 C:\xampp\htdocs\AdminNew\system\Common.php(1089): CodeIgniter\View\View->render('reportPost', Array, true)
#5 C:\xampp\htdocs\AdminNew\app\Controllers\ReportController.php(22): view('reportPost', Array)
#6 C:\xampp\htdocs\AdminNew\system\CodeIgniter.php(832): App\Controllers\ReportController->viewReport()
#7 C:\xampp\htdocs\AdminNew\system\CodeIgniter.php(419): CodeIgniter\CodeIgniter->runController(Object(App\Controllers\ReportController))
#8 C:\xampp\htdocs\AdminNew\system\CodeIgniter.php(326): CodeIgniter\CodeIgniter->handleRequest(NULL, Object(Config\Cache), false)
#9 C:\xampp\htdocs\AdminNew\public\index.php(37): CodeIgniter\CodeIgniter->run()
#10 C:\xampp\htdocs\AdminNew\system\Commands\Server\rewrite.php(43): require_once('C:\\xampp\\htdocs...')
#11 {main}
CRITICAL - 2022-05-15 23:43:45 --> Undefined array key "reportId"
#0 C:\xampp\htdocs\AdminNew\app\Views\components\PostReport.php(16): CodeIgniter\Debug\Exceptions->errorHandler(2, 'Undefined array...', 'C:\\xampp\\htdocs...', 16)
#1 C:\xampp\htdocs\AdminNew\app\Views\reportpost.php(39): require('C:\\xampp\\htdocs...')
#2 C:\xampp\htdocs\AdminNew\system\View\View.php(210): include('C:\\xampp\\htdocs...')
#3 C:\xampp\htdocs\AdminNew\system\View\View.php(213): CodeIgniter\View\View->CodeIgniter\View\{closure}()
#4 C:\xampp\htdocs\AdminNew\system\Common.php(1089): CodeIgniter\View\View->render('reportPost', Array, true)
#5 C:\xampp\htdocs\AdminNew\app\Controllers\ReportController.php(22): view('reportPost', Array)
#6 C:\xampp\htdocs\AdminNew\system\CodeIgniter.php(832): App\Controllers\ReportController->viewReport()
#7 C:\xampp\htdocs\AdminNew\system\CodeIgniter.php(419): CodeIgniter\CodeIgniter->runController(Object(App\Controllers\ReportController))
#8 C:\xampp\htdocs\AdminNew\system\CodeIgniter.php(326): CodeIgniter\CodeIgniter->handleRequest(NULL, Object(Config\Cache), false)
#9 C:\xampp\htdocs\AdminNew\public\index.php(37): CodeIgniter\CodeIgniter->run()
#10 C:\xampp\htdocs\AdminNew\system\Commands\Server\rewrite.php(43): require_once('C:\\xampp\\htdocs...')
#11 {main}
CRITICAL - 2022-05-15 23:44:47 --> Undefined array key "reportId"
#0 C:\xampp\htdocs\AdminNew\app\Views\components\PostReport.php(16): CodeIgniter\Debug\Exceptions->errorHandler(2, 'Undefined array...', 'C:\\xampp\\htdocs...', 16)
#1 C:\xampp\htdocs\AdminNew\app\Views\reportpost.php(39): require('C:\\xampp\\htdocs...')
#2 C:\xampp\htdocs\AdminNew\system\View\View.php(210): include('C:\\xampp\\htdocs...')
#3 C:\xampp\htdocs\AdminNew\system\View\View.php(213): CodeIgniter\View\View->CodeIgniter\View\{closure}()
#4 C:\xampp\htdocs\AdminNew\system\Common.php(1089): CodeIgniter\View\View->render('reportPost', Array, true)
#5 C:\xampp\htdocs\AdminNew\app\Controllers\ReportController.php(22): view('reportPost', Array)
#6 C:\xampp\htdocs\AdminNew\system\CodeIgniter.php(832): App\Controllers\ReportController->viewReport()
#7 C:\xampp\htdocs\AdminNew\system\CodeIgniter.php(419): CodeIgniter\CodeIgniter->runController(Object(App\Controllers\ReportController))
#8 C:\xampp\htdocs\AdminNew\system\CodeIgniter.php(326): CodeIgniter\CodeIgniter->handleRequest(NULL, Object(Config\Cache), false)
#9 C:\xampp\htdocs\AdminNew\public\index.php(37): CodeIgniter\CodeIgniter->run()
#10 C:\xampp\htdocs\AdminNew\system\Commands\Server\rewrite.php(43): require_once('C:\\xampp\\htdocs...')
#11 {main}
CRITICAL - 2022-05-15 23:45:50 --> Undefined array key "reportId"
#0 C:\xampp\htdocs\AdminNew\app\Views\components\PostReport.php(16): CodeIgniter\Debug\Exceptions->errorHandler(2, 'Undefined array...', 'C:\\xampp\\htdocs...', 16)
#1 C:\xampp\htdocs\AdminNew\app\Views\reportpost.php(39): require('C:\\xampp\\htdocs...')
#2 C:\xampp\htdocs\AdminNew\system\View\View.php(210): include('C:\\xampp\\htdocs...')
#3 C:\xampp\htdocs\AdminNew\system\View\View.php(213): CodeIgniter\View\View->CodeIgniter\View\{closure}()
#4 C:\xampp\htdocs\AdminNew\system\Common.php(1089): CodeIgniter\View\View->render('reportPost', Array, true)
#5 C:\xampp\htdocs\AdminNew\app\Controllers\ReportController.php(22): view('reportPost', Array)
#6 C:\xampp\htdocs\AdminNew\system\CodeIgniter.php(832): App\Controllers\ReportController->viewReport()
#7 C:\xampp\htdocs\AdminNew\system\CodeIgniter.php(419): CodeIgniter\CodeIgniter->runController(Object(App\Controllers\ReportController))
#8 C:\xampp\htdocs\AdminNew\system\CodeIgniter.php(326): CodeIgniter\CodeIgniter->handleRequest(NULL, Object(Config\Cache), false)
#9 C:\xampp\htdocs\AdminNew\public\index.php(37): CodeIgniter\CodeIgniter->run()
#10 C:\xampp\htdocs\AdminNew\system\Commands\Server\rewrite.php(43): require_once('C:\\xampp\\htdocs...')
#11 {main}
CRITICAL - 2022-05-15 23:45:53 --> Undefined array key "reportId"
#0 C:\xampp\htdocs\AdminNew\app\Views\components\PostReport.php(16): CodeIgniter\Debug\Exceptions->errorHandler(2, 'Undefined array...', 'C:\\xampp\\htdocs...', 16)
#1 C:\xampp\htdocs\AdminNew\app\Views\reportpost.php(39): require('C:\\xampp\\htdocs...')
#2 C:\xampp\htdocs\AdminNew\system\View\View.php(210): include('C:\\xampp\\htdocs...')
#3 C:\xampp\htdocs\AdminNew\system\View\View.php(213): CodeIgniter\View\View->CodeIgniter\View\{closure}()
#4 C:\xampp\htdocs\AdminNew\system\Common.php(1089): CodeIgniter\View\View->render('reportPost', Array, true)
#5 C:\xampp\htdocs\AdminNew\app\Controllers\ReportController.php(22): view('reportPost', Array)
#6 C:\xampp\htdocs\AdminNew\system\CodeIgniter.php(832): App\Controllers\ReportController->viewReport()
#7 C:\xampp\htdocs\AdminNew\system\CodeIgniter.php(419): CodeIgniter\CodeIgniter->runController(Object(App\Controllers\ReportController))
#8 C:\xampp\htdocs\AdminNew\system\CodeIgniter.php(326): CodeIgniter\CodeIgniter->handleRequest(NULL, Object(Config\Cache), false)
#9 C:\xampp\htdocs\AdminNew\public\index.php(37): CodeIgniter\CodeIgniter->run()
#10 C:\xampp\htdocs\AdminNew\system\Commands\Server\rewrite.php(43): require_once('C:\\xampp\\htdocs...')
#11 {main}
CRITICAL - 2022-05-15 23:46:13 --> Undefined array key "reportId"
#0 C:\xampp\htdocs\AdminNew\app\Views\components\PostReport.php(16): CodeIgniter\Debug\Exceptions->errorHandler(2, 'Undefined array...', 'C:\\xampp\\htdocs...', 16)
#1 C:\xampp\htdocs\AdminNew\app\Views\reportpost.php(39): require('C:\\xampp\\htdocs...')
#2 C:\xampp\htdocs\AdminNew\system\View\View.php(210): include('C:\\xampp\\htdocs...')
#3 C:\xampp\htdocs\AdminNew\system\View\View.php(213): CodeIgniter\View\View->CodeIgniter\View\{closure}()
#4 C:\xampp\htdocs\AdminNew\system\Common.php(1089): CodeIgniter\View\View->render('reportPost', Array, true)
#5 C:\xampp\htdocs\AdminNew\app\Controllers\ReportController.php(22): view('reportPost', Array)
#6 C:\xampp\htdocs\AdminNew\system\CodeIgniter.php(832): App\Controllers\ReportController->viewReport()
#7 C:\xampp\htdocs\AdminNew\system\CodeIgniter.php(419): CodeIgniter\CodeIgniter->runController(Object(App\Controllers\ReportController))
#8 C:\xampp\htdocs\AdminNew\system\CodeIgniter.php(326): CodeIgniter\CodeIgniter->handleRequest(NULL, Object(Config\Cache), false)
#9 C:\xampp\htdocs\AdminNew\public\index.php(37): CodeIgniter\CodeIgniter->run()
#10 C:\xampp\htdocs\AdminNew\system\Commands\Server\rewrite.php(43): require_once('C:\\xampp\\htdocs...')
#11 {main}
CRITICAL - 2022-05-15 23:46:15 --> Undefined array key "reportId"
#0 C:\xampp\htdocs\AdminNew\app\Views\components\PostReport.php(16): CodeIgniter\Debug\Exceptions->errorHandler(2, 'Undefined array...', 'C:\\xampp\\htdocs...', 16)
#1 C:\xampp\htdocs\AdminNew\app\Views\reportpost.php(39): require('C:\\xampp\\htdocs...')
#2 C:\xampp\htdocs\AdminNew\system\View\View.php(210): include('C:\\xampp\\htdocs...')
#3 C:\xampp\htdocs\AdminNew\system\View\View.php(213): CodeIgniter\View\View->CodeIgniter\View\{closure}()
#4 C:\xampp\htdocs\AdminNew\system\Common.php(1089): CodeIgniter\View\View->render('reportPost', Array, true)
#5 C:\xampp\htdocs\AdminNew\app\Controllers\ReportController.php(22): view('reportPost', Array)
#6 C:\xampp\htdocs\AdminNew\system\CodeIgniter.php(832): App\Controllers\ReportController->viewReport()
#7 C:\xampp\htdocs\AdminNew\system\CodeIgniter.php(419): CodeIgniter\CodeIgniter->runController(Object(App\Controllers\ReportController))
#8 C:\xampp\htdocs\AdminNew\system\CodeIgniter.php(326): CodeIgniter\CodeIgniter->handleRequest(NULL, Object(Config\Cache), false)
#9 C:\xampp\htdocs\AdminNew\public\index.php(37): CodeIgniter\CodeIgniter->run()
#10 C:\xampp\htdocs\AdminNew\system\Commands\Server\rewrite.php(43): require_once('C:\\xampp\\htdocs...')
#11 {main}
CRITICAL - 2022-05-15 23:47:22 --> Undefined array key "reportId"
#0 C:\xampp\htdocs\AdminNew\app\Views\components\PostReport.php(16): CodeIgniter\Debug\Exceptions->errorHandler(2, 'Undefined array...', 'C:\\xampp\\htdocs...', 16)
#1 C:\xampp\htdocs\AdminNew\app\Views\reportpost.php(39): require('C:\\xampp\\htdocs...')
#2 C:\xampp\htdocs\AdminNew\system\View\View.php(210): include('C:\\xampp\\htdocs...')
#3 C:\xampp\htdocs\AdminNew\system\View\View.php(213): CodeIgniter\View\View->CodeIgniter\View\{closure}()
#4 C:\xampp\htdocs\AdminNew\system\Common.php(1089): CodeIgniter\View\View->render('reportPost', Array, true)
#5 C:\xampp\htdocs\AdminNew\app\Controllers\ReportController.php(22): view('reportPost', Array)
#6 C:\xampp\htdocs\AdminNew\system\CodeIgniter.php(832): App\Controllers\ReportController->viewReport()
#7 C:\xampp\htdocs\AdminNew\system\CodeIgniter.php(419): CodeIgniter\CodeIgniter->runController(Object(App\Controllers\ReportController))
#8 C:\xampp\htdocs\AdminNew\system\CodeIgniter.php(326): CodeIgniter\CodeIgniter->handleRequest(NULL, Object(Config\Cache), false)
#9 C:\xampp\htdocs\AdminNew\public\index.php(37): CodeIgniter\CodeIgniter->run()
#10 C:\xampp\htdocs\AdminNew\system\Commands\Server\rewrite.php(43): require_once('C:\\xampp\\htdocs...')
#11 {main}
CRITICAL - 2022-05-15 23:47:46 --> Undefined array key "reportId"
#0 C:\xampp\htdocs\AdminNew\app\Views\components\PostReport.php(16): CodeIgniter\Debug\Exceptions->errorHandler(2, 'Undefined array...', 'C:\\xampp\\htdocs...', 16)
#1 C:\xampp\htdocs\AdminNew\app\Views\reportpost.php(39): require('C:\\xampp\\htdocs...')
#2 C:\xampp\htdocs\AdminNew\system\View\View.php(210): include('C:\\xampp\\htdocs...')
#3 C:\xampp\htdocs\AdminNew\system\View\View.php(213): CodeIgniter\View\View->CodeIgniter\View\{closure}()
#4 C:\xampp\htdocs\AdminNew\system\Common.php(1089): CodeIgniter\View\View->render('reportPost', Array, true)
#5 C:\xampp\htdocs\AdminNew\app\Controllers\ReportController.php(22): view('reportPost', Array)
#6 C:\xampp\htdocs\AdminNew\system\CodeIgniter.php(832): App\Controllers\ReportController->viewReport()
#7 C:\xampp\htdocs\AdminNew\system\CodeIgniter.php(419): CodeIgniter\CodeIgniter->runController(Object(App\Controllers\ReportController))
#8 C:\xampp\htdocs\AdminNew\system\CodeIgniter.php(326): CodeIgniter\CodeIgniter->handleRequest(NULL, Object(Config\Cache), false)
#9 C:\xampp\htdocs\AdminNew\public\index.php(37): CodeIgniter\CodeIgniter->run()
#10 C:\xampp\htdocs\AdminNew\system\Commands\Server\rewrite.php(43): require_once('C:\\xampp\\htdocs...')
#11 {main}
CRITICAL - 2022-05-15 23:47:46 --> Undefined array key "reportId"
#0 C:\xampp\htdocs\AdminNew\app\Views\components\PostReport.php(16): CodeIgniter\Debug\Exceptions->errorHandler(2, 'Undefined array...', 'C:\\xampp\\htdocs...', 16)
#1 C:\xampp\htdocs\AdminNew\app\Views\reportpost.php(39): require('C:\\xampp\\htdocs...')
#2 C:\xampp\htdocs\AdminNew\system\View\View.php(210): include('C:\\xampp\\htdocs...')
#3 C:\xampp\htdocs\AdminNew\system\View\View.php(213): CodeIgniter\View\View->CodeIgniter\View\{closure}()
#4 C:\xampp\htdocs\AdminNew\system\Common.php(1089): CodeIgniter\View\View->render('reportPost', Array, true)
#5 C:\xampp\htdocs\AdminNew\app\Controllers\ReportController.php(22): view('reportPost', Array)
#6 C:\xampp\htdocs\AdminNew\system\CodeIgniter.php(832): App\Controllers\ReportController->viewReport()
#7 C:\xampp\htdocs\AdminNew\system\CodeIgniter.php(419): CodeIgniter\CodeIgniter->runController(Object(App\Controllers\ReportController))
#8 C:\xampp\htdocs\AdminNew\system\CodeIgniter.php(326): CodeIgniter\CodeIgniter->handleRequest(NULL, Object(Config\Cache), false)
#9 C:\xampp\htdocs\AdminNew\public\index.php(37): CodeIgniter\CodeIgniter->run()
#10 C:\xampp\htdocs\AdminNew\system\Commands\Server\rewrite.php(43): require_once('C:\\xampp\\htdocs...')
#11 {main}
CRITICAL - 2022-05-15 23:47:49 --> Undefined array key "reportId"
#0 C:\xampp\htdocs\AdminNew\app\Views\components\PostReport.php(16): CodeIgniter\Debug\Exceptions->errorHandler(2, 'Undefined array...', 'C:\\xampp\\htdocs...', 16)
#1 C:\xampp\htdocs\AdminNew\app\Views\reportpost.php(39): require('C:\\xampp\\htdocs...')
#2 C:\xampp\htdocs\AdminNew\system\View\View.php(210): include('C:\\xampp\\htdocs...')
#3 C:\xampp\htdocs\AdminNew\system\View\View.php(213): CodeIgniter\View\View->CodeIgniter\View\{closure}()
#4 C:\xampp\htdocs\AdminNew\system\Common.php(1089): CodeIgniter\View\View->render('reportPost', Array, true)
#5 C:\xampp\htdocs\AdminNew\app\Controllers\ReportController.php(22): view('reportPost', Array)
#6 C:\xampp\htdocs\AdminNew\system\CodeIgniter.php(832): App\Controllers\ReportController->viewReport()
#7 C:\xampp\htdocs\AdminNew\system\CodeIgniter.php(419): CodeIgniter\CodeIgniter->runController(Object(App\Controllers\ReportController))
#8 C:\xampp\htdocs\AdminNew\system\CodeIgniter.php(326): CodeIgniter\CodeIgniter->handleRequest(NULL, Object(Config\Cache), false)
#9 C:\xampp\htdocs\AdminNew\public\index.php(37): CodeIgniter\CodeIgniter->run()
#10 C:\xampp\htdocs\AdminNew\system\Commands\Server\rewrite.php(43): require_once('C:\\xampp\\htdocs...')
#11 {main}
CRITICAL - 2022-05-15 23:48:06 --> Undefined array key "reportId"
#0 C:\xampp\htdocs\AdminNew\app\Views\components\PostReport.php(16): CodeIgniter\Debug\Exceptions->errorHandler(2, 'Undefined array...', 'C:\\xampp\\htdocs...', 16)
#1 C:\xampp\htdocs\AdminNew\app\Views\reportpost.php(39): require('C:\\xampp\\htdocs...')
#2 C:\xampp\htdocs\AdminNew\system\View\View.php(210): include('C:\\xampp\\htdocs...')
#3 C:\xampp\htdocs\AdminNew\system\View\View.php(213): CodeIgniter\View\View->CodeIgniter\View\{closure}()
#4 C:\xampp\htdocs\AdminNew\system\Common.php(1089): CodeIgniter\View\View->render('reportPost', Array, true)
#5 C:\xampp\htdocs\AdminNew\app\Controllers\ReportController.php(22): view('reportPost', Array)
#6 C:\xampp\htdocs\AdminNew\system\CodeIgniter.php(832): App\Controllers\ReportController->viewReport()
#7 C:\xampp\htdocs\AdminNew\system\CodeIgniter.php(419): CodeIgniter\CodeIgniter->runController(Object(App\Controllers\ReportController))
#8 C:\xampp\htdocs\AdminNew\system\CodeIgniter.php(326): CodeIgniter\CodeIgniter->handleRequest(NULL, Object(Config\Cache), false)
#9 C:\xampp\htdocs\AdminNew\public\index.php(37): CodeIgniter\CodeIgniter->run()
#10 C:\xampp\htdocs\AdminNew\system\Commands\Server\rewrite.php(43): require_once('C:\\xampp\\htdocs...')
#11 {main}
CRITICAL - 2022-05-15 23:49:47 --> Undefined array key "reportId"
#0 C:\xampp\htdocs\AdminNew\app\Views\components\PostReport.php(25): CodeIgniter\Debug\Exceptions->errorHandler(2, 'Undefined array...', 'C:\\xampp\\htdocs...', 25)
#1 C:\xampp\htdocs\AdminNew\app\Views\reportpost.php(39): require('C:\\xampp\\htdocs...')
#2 C:\xampp\htdocs\AdminNew\system\View\View.php(210): include('C:\\xampp\\htdocs...')
#3 C:\xampp\htdocs\AdminNew\system\View\View.php(213): CodeIgniter\View\View->CodeIgniter\View\{closure}()
#4 C:\xampp\htdocs\AdminNew\system\Common.php(1089): CodeIgniter\View\View->render('reportPost', Array, true)
#5 C:\xampp\htdocs\AdminNew\app\Controllers\ReportController.php(22): view('reportPost', Array)
#6 C:\xampp\htdocs\AdminNew\system\CodeIgniter.php(832): App\Controllers\ReportController->viewReport()
#7 C:\xampp\htdocs\AdminNew\system\CodeIgniter.php(419): CodeIgniter\CodeIgniter->runController(Object(App\Controllers\ReportController))
#8 C:\xampp\htdocs\AdminNew\system\CodeIgniter.php(326): CodeIgniter\CodeIgniter->handleRequest(NULL, Object(Config\Cache), false)
#9 C:\xampp\htdocs\AdminNew\public\index.php(37): CodeIgniter\CodeIgniter->run()
#10 C:\xampp\htdocs\AdminNew\system\Commands\Server\rewrite.php(43): require_once('C:\\xampp\\htdocs...')
#11 {main}
CRITICAL - 2022-05-15 23:49:47 --> Undefined array key "reportId"
#0 C:\xampp\htdocs\AdminNew\app\Views\components\PostReport.php(25): CodeIgniter\Debug\Exceptions->errorHandler(2, 'Undefined array...', 'C:\\xampp\\htdocs...', 25)
#1 C:\xampp\htdocs\AdminNew\app\Views\reportpost.php(39): require('C:\\xampp\\htdocs...')
#2 C:\xampp\htdocs\AdminNew\system\View\View.php(210): include('C:\\xampp\\htdocs...')
#3 C:\xampp\htdocs\AdminNew\system\View\View.php(213): CodeIgniter\View\View->CodeIgniter\View\{closure}()
#4 C:\xampp\htdocs\AdminNew\system\Common.php(1089): CodeIgniter\View\View->render('reportPost', Array, true)
#5 C:\xampp\htdocs\AdminNew\app\Controllers\ReportController.php(22): view('reportPost', Array)
#6 C:\xampp\htdocs\AdminNew\system\CodeIgniter.php(832): App\Controllers\ReportController->viewReport()
#7 C:\xampp\htdocs\AdminNew\system\CodeIgniter.php(419): CodeIgniter\CodeIgniter->runController(Object(App\Controllers\ReportController))
#8 C:\xampp\htdocs\AdminNew\system\CodeIgniter.php(326): CodeIgniter\CodeIgniter->handleRequest(NULL, Object(Config\Cache), false)
#9 C:\xampp\htdocs\AdminNew\public\index.php(37): CodeIgniter\CodeIgniter->run()
#10 C:\xampp\htdocs\AdminNew\system\Commands\Server\rewrite.php(43): require_once('C:\\xampp\\htdocs...')
#11 {main}
CRITICAL - 2022-05-15 23:49:48 --> Undefined array key "reportId"
#0 C:\xampp\htdocs\AdminNew\app\Views\components\PostReport.php(25): CodeIgniter\Debug\Exceptions->errorHandler(2, 'Undefined array...', 'C:\\xampp\\htdocs...', 25)
#1 C:\xampp\htdocs\AdminNew\app\Views\reportpost.php(39): require('C:\\xampp\\htdocs...')
#2 C:\xampp\htdocs\AdminNew\system\View\View.php(210): include('C:\\xampp\\htdocs...')
#3 C:\xampp\htdocs\AdminNew\system\View\View.php(213): CodeIgniter\View\View->CodeIgniter\View\{closure}()
#4 C:\xampp\htdocs\AdminNew\system\Common.php(1089): CodeIgniter\View\View->render('reportPost', Array, true)
#5 C:\xampp\htdocs\AdminNew\app\Controllers\ReportController.php(22): view('reportPost', Array)
#6 C:\xampp\htdocs\AdminNew\system\CodeIgniter.php(832): App\Controllers\ReportController->viewReport()
#7 C:\xampp\htdocs\AdminNew\system\CodeIgniter.php(419): CodeIgniter\CodeIgniter->runController(Object(App\Controllers\ReportController))
#8 C:\xampp\htdocs\AdminNew\system\CodeIgniter.php(326): CodeIgniter\CodeIgniter->handleRequest(NULL, Object(Config\Cache), false)
#9 C:\xampp\htdocs\AdminNew\public\index.php(37): CodeIgniter\CodeIgniter->run()
#10 C:\xampp\htdocs\AdminNew\system\Commands\Server\rewrite.php(43): require_once('C:\\xampp\\htdocs...')
#11 {main}
CRITICAL - 2022-05-15 23:49:48 --> Undefined array key "reportId"
#0 C:\xampp\htdocs\AdminNew\app\Views\components\PostReport.php(25): CodeIgniter\Debug\Exceptions->errorHandler(2, 'Undefined array...', 'C:\\xampp\\htdocs...', 25)
#1 C:\xampp\htdocs\AdminNew\app\Views\reportpost.php(39): require('C:\\xampp\\htdocs...')
#2 C:\xampp\htdocs\AdminNew\system\View\View.php(210): include('C:\\xampp\\htdocs...')
#3 C:\xampp\htdocs\AdminNew\system\View\View.php(213): CodeIgniter\View\View->CodeIgniter\View\{closure}()
#4 C:\xampp\htdocs\AdminNew\system\Common.php(1089): CodeIgniter\View\View->render('reportPost', Array, true)
#5 C:\xampp\htdocs\AdminNew\app\Controllers\ReportController.php(22): view('reportPost', Array)
#6 C:\xampp\htdocs\AdminNew\system\CodeIgniter.php(832): App\Controllers\ReportController->viewReport()
#7 C:\xampp\htdocs\AdminNew\system\CodeIgniter.php(419): CodeIgniter\CodeIgniter->runController(Object(App\Controllers\ReportController))
#8 C:\xampp\htdocs\AdminNew\system\CodeIgniter.php(326): CodeIgniter\CodeIgniter->handleRequest(NULL, Object(Config\Cache), false)
#9 C:\xampp\htdocs\AdminNew\public\index.php(37): CodeIgniter\CodeIgniter->run()
#10 C:\xampp\htdocs\AdminNew\system\Commands\Server\rewrite.php(43): require_once('C:\\xampp\\htdocs...')
#11 {main}
CRITICAL - 2022-05-15 23:49:48 --> Undefined array key "reportId"
#0 C:\xampp\htdocs\AdminNew\app\Views\components\PostReport.php(25): CodeIgniter\Debug\Exceptions->errorHandler(2, 'Undefined array...', 'C:\\xampp\\htdocs...', 25)
#1 C:\xampp\htdocs\AdminNew\app\Views\reportpost.php(39): require('C:\\xampp\\htdocs...')
#2 C:\xampp\htdocs\AdminNew\system\View\View.php(210): include('C:\\xampp\\htdocs...')
#3 C:\xampp\htdocs\AdminNew\system\View\View.php(213): CodeIgniter\View\View->CodeIgniter\View\{closure}()
#4 C:\xampp\htdocs\AdminNew\system\Common.php(1089): CodeIgniter\View\View->render('reportPost', Array, true)
#5 C:\xampp\htdocs\AdminNew\app\Controllers\ReportController.php(22): view('reportPost', Array)
#6 C:\xampp\htdocs\AdminNew\system\CodeIgniter.php(832): App\Controllers\ReportController->viewReport()
#7 C:\xampp\htdocs\AdminNew\system\CodeIgniter.php(419): CodeIgniter\CodeIgniter->runController(Object(App\Controllers\ReportController))
#8 C:\xampp\htdocs\AdminNew\system\CodeIgniter.php(326): CodeIgniter\CodeIgniter->handleRequest(NULL, Object(Config\Cache), false)
#9 C:\xampp\htdocs\AdminNew\public\index.php(37): CodeIgniter\CodeIgniter->run()
#10 C:\xampp\htdocs\AdminNew\system\Commands\Server\rewrite.php(43): require_once('C:\\xampp\\htdocs...')
#11 {main}
CRITICAL - 2022-05-15 23:49:48 --> Undefined array key "reportId"
#0 C:\xampp\htdocs\AdminNew\app\Views\components\PostReport.php(25): CodeIgniter\Debug\Exceptions->errorHandler(2, 'Undefined array...', 'C:\\xampp\\htdocs...', 25)
#1 C:\xampp\htdocs\AdminNew\app\Views\reportpost.php(39): require('C:\\xampp\\htdocs...')
#2 C:\xampp\htdocs\AdminNew\system\View\View.php(210): include('C:\\xampp\\htdocs...')
#3 C:\xampp\htdocs\AdminNew\system\View\View.php(213): CodeIgniter\View\View->CodeIgniter\View\{closure}()
#4 C:\xampp\htdocs\AdminNew\system\Common.php(1089): CodeIgniter\View\View->render('reportPost', Array, true)
#5 C:\xampp\htdocs\AdminNew\app\Controllers\ReportController.php(22): view('reportPost', Array)
#6 C:\xampp\htdocs\AdminNew\system\CodeIgniter.php(832): App\Controllers\ReportController->viewReport()
#7 C:\xampp\htdocs\AdminNew\system\CodeIgniter.php(419): CodeIgniter\CodeIgniter->runController(Object(App\Controllers\ReportController))
#8 C:\xampp\htdocs\AdminNew\system\CodeIgniter.php(326): CodeIgniter\CodeIgniter->handleRequest(NULL, Object(Config\Cache), false)
#9 C:\xampp\htdocs\AdminNew\public\index.php(37): CodeIgniter\CodeIgniter->run()
#10 C:\xampp\htdocs\AdminNew\system\Commands\Server\rewrite.php(43): require_once('C:\\xampp\\htdocs...')
#11 {main}
CRITICAL - 2022-05-15 23:51:43 --> Undefined array key "reportId"
#0 C:\xampp\htdocs\AdminNew\app\Views\components\PostReport.php(25): CodeIgniter\Debug\Exceptions->errorHandler(2, 'Undefined array...', 'C:\\xampp\\htdocs...', 25)
#1 C:\xampp\htdocs\AdminNew\app\Views\reportpost.php(39): require('C:\\xampp\\htdocs...')
#2 C:\xampp\htdocs\AdminNew\system\View\View.php(210): include('C:\\xampp\\htdocs...')
#3 C:\xampp\htdocs\AdminNew\system\View\View.php(213): CodeIgniter\View\View->CodeIgniter\View\{closure}()
#4 C:\xampp\htdocs\AdminNew\system\Common.php(1089): CodeIgniter\View\View->render('reportPost', Array, true)
#5 C:\xampp\htdocs\AdminNew\app\Controllers\ReportController.php(22): view('reportPost', Array)
#6 C:\xampp\htdocs\AdminNew\system\CodeIgniter.php(832): App\Controllers\ReportController->viewReport()
#7 C:\xampp\htdocs\AdminNew\system\CodeIgniter.php(419): CodeIgniter\CodeIgniter->runController(Object(App\Controllers\ReportController))
#8 C:\xampp\htdocs\AdminNew\system\CodeIgniter.php(326): CodeIgniter\CodeIgniter->handleRequest(NULL, Object(Config\Cache), false)
#9 C:\xampp\htdocs\AdminNew\public\index.php(37): CodeIgniter\CodeIgniter->run()
#10 C:\xampp\htdocs\AdminNew\system\Commands\Server\rewrite.php(43): require_once('C:\\xampp\\htdocs...')
#11 {main}
CRITICAL - 2022-05-15 23:52:24 --> Undefined array key "reportId"
#0 C:\xampp\htdocs\AdminNew\app\Views\components\PostReport.php(25): CodeIgniter\Debug\Exceptions->errorHandler(2, 'Undefined array...', 'C:\\xampp\\htdocs...', 25)
#1 C:\xampp\htdocs\AdminNew\app\Views\reportpost.php(39): require('C:\\xampp\\htdocs...')
#2 C:\xampp\htdocs\AdminNew\system\View\View.php(210): include('C:\\xampp\\htdocs...')
#3 C:\xampp\htdocs\AdminNew\system\View\View.php(213): CodeIgniter\View\View->CodeIgniter\View\{closure}()
#4 C:\xampp\htdocs\AdminNew\system\Common.php(1089): CodeIgniter\View\View->render('reportPost', Array, true)
#5 C:\xampp\htdocs\AdminNew\app\Controllers\ReportController.php(22): view('reportPost', Array)
#6 C:\xampp\htdocs\AdminNew\system\CodeIgniter.php(832): App\Controllers\ReportController->viewReport()
#7 C:\xampp\htdocs\AdminNew\system\CodeIgniter.php(419): CodeIgniter\CodeIgniter->runController(Object(App\Controllers\ReportController))
#8 C:\xampp\htdocs\AdminNew\system\CodeIgniter.php(326): CodeIgniter\CodeIgniter->handleRequest(NULL, Object(Config\Cache), false)
#9 C:\xampp\htdocs\AdminNew\public\index.php(37): CodeIgniter\CodeIgniter->run()
#10 C:\xampp\htdocs\AdminNew\system\Commands\Server\rewrite.php(43): require_once('C:\\xampp\\htdocs...')
#11 {main}
