CRITICAL - 2022-06-15 02:42:45 --> Undefined variable $allPost
#0 C:\xampp\htdocs\AdminNew\app\Views\components\Status.php(57): CodeIgniter\Debug\Exceptions->errorHandler(2, 'Undefined varia...', 'C:\\xampp\\htdocs...', 57)
#1 C:\xampp\htdocs\AdminNew\app\Views\dashboard.php(46): require('C:\\xampp\\htdocs...')
#2 C:\xampp\htdocs\AdminNew\system\View\View.php(210): include('C:\\xampp\\htdocs...')
#3 C:\xampp\htdocs\AdminNew\system\View\View.php(213): CodeIgniter\View\View->CodeIgniter\View\{closure}()
#4 C:\xampp\htdocs\AdminNew\system\Common.php(1089): CodeIgniter\View\View->render('dashboard', Array, true)
#5 C:\xampp\htdocs\AdminNew\app\Controllers\UserController.php(15): view('dashboard')
#6 C:\xampp\htdocs\AdminNew\system\CodeIgniter.php(832): App\Controllers\UserController->index()
#7 C:\xampp\htdocs\AdminNew\system\CodeIgniter.php(419): CodeIgniter\CodeIgniter->runController(Object(App\Controllers\UserController))
#8 C:\xampp\htdocs\AdminNew\system\CodeIgniter.php(326): CodeIgniter\CodeIgniter->handleRequest(NULL, Object(Config\Cache), false)
#9 C:\xampp\htdocs\AdminNew\public\index.php(37): CodeIgniter\CodeIgniter->run()
#10 C:\xampp\htdocs\AdminNew\system\Commands\Server\rewrite.php(43): require_once('C:\\xampp\\htdocs...')
#11 {main}
CRITICAL - 2022-06-15 02:44:43 --> Undefined variable $PostOpen
#0 C:\xampp\htdocs\AdminNew\app\Views\postmanage.php(60): CodeIgniter\Debug\Exceptions->errorHandler(2, 'Undefined varia...', 'C:\\xampp\\htdocs...', 60)
#1 C:\xampp\htdocs\AdminNew\system\View\View.php(210): include('C:\\xampp\\htdocs...')
#2 C:\xampp\htdocs\AdminNew\system\View\View.php(213): CodeIgniter\View\View->CodeIgniter\View\{closure}()
#3 C:\xampp\htdocs\AdminNew\system\Common.php(1089): CodeIgniter\View\View->render('postmanage', Array, true)
#4 C:\xampp\htdocs\AdminNew\app\Controllers\ReportController.php(33): view('postmanage', Array)
#5 C:\xampp\htdocs\AdminNew\system\CodeIgniter.php(832): App\Controllers\ReportController->viewPost()
#6 C:\xampp\htdocs\AdminNew\system\CodeIgniter.php(419): CodeIgniter\CodeIgniter->runController(Object(App\Controllers\ReportController))
#7 C:\xampp\htdocs\AdminNew\system\CodeIgniter.php(326): CodeIgniter\CodeIgniter->handleRequest(NULL, Object(Config\Cache), false)
#8 C:\xampp\htdocs\AdminNew\public\index.php(37): CodeIgniter\CodeIgniter->run()
#9 C:\xampp\htdocs\AdminNew\system\Commands\Server\rewrite.php(43): require_once('C:\\xampp\\htdocs...')
#10 {main}
CRITICAL - 2022-06-15 02:45:01 --> require(SqlConnect): Failed to open stream: No such file or directory
#0 C:\xampp\htdocs\AdminNew\app\Views\postmanage.php(44): CodeIgniter\Debug\Exceptions->errorHandler(2, 'require(SqlConn...', 'C:\\xampp\\htdocs...', 44)
#1 C:\xampp\htdocs\AdminNew\app\Views\postmanage.php(44): require()
#2 C:\xampp\htdocs\AdminNew\system\View\View.php(210): include('C:\\xampp\\htdocs...')
#3 C:\xampp\htdocs\AdminNew\system\View\View.php(213): CodeIgniter\View\View->CodeIgniter\View\{closure}()
#4 C:\xampp\htdocs\AdminNew\system\Common.php(1089): CodeIgniter\View\View->render('postmanage', Array, true)
#5 C:\xampp\htdocs\AdminNew\app\Controllers\ReportController.php(33): view('postmanage', Array)
#6 C:\xampp\htdocs\AdminNew\system\CodeIgniter.php(832): App\Controllers\ReportController->viewPost()
#7 C:\xampp\htdocs\AdminNew\system\CodeIgniter.php(419): CodeIgniter\CodeIgniter->runController(Object(App\Controllers\ReportController))
#8 C:\xampp\htdocs\AdminNew\system\CodeIgniter.php(326): CodeIgniter\CodeIgniter->handleRequest(NULL, Object(Config\Cache), false)
#9 C:\xampp\htdocs\AdminNew\public\index.php(37): CodeIgniter\CodeIgniter->run()
#10 C:\xampp\htdocs\AdminNew\system\Commands\Server\rewrite.php(43): require_once('C:\\xampp\\htdocs...')
#11 {main}
CRITICAL - 2022-06-15 02:45:02 --> require(SqlConnect): Failed to open stream: No such file or directory
#0 C:\xampp\htdocs\AdminNew\app\Views\postmanage.php(44): CodeIgniter\Debug\Exceptions->errorHandler(2, 'require(SqlConn...', 'C:\\xampp\\htdocs...', 44)
#1 C:\xampp\htdocs\AdminNew\app\Views\postmanage.php(44): require()
#2 C:\xampp\htdocs\AdminNew\system\View\View.php(210): include('C:\\xampp\\htdocs...')
#3 C:\xampp\htdocs\AdminNew\system\View\View.php(213): CodeIgniter\View\View->CodeIgniter\View\{closure}()
#4 C:\xampp\htdocs\AdminNew\system\Common.php(1089): CodeIgniter\View\View->render('postmanage', Array, true)
#5 C:\xampp\htdocs\AdminNew\app\Controllers\ReportController.php(33): view('postmanage', Array)
#6 C:\xampp\htdocs\AdminNew\system\CodeIgniter.php(832): App\Controllers\ReportController->viewPost()
#7 C:\xampp\htdocs\AdminNew\system\CodeIgniter.php(419): CodeIgniter\CodeIgniter->runController(Object(App\Controllers\ReportController))
#8 C:\xampp\htdocs\AdminNew\system\CodeIgniter.php(326): CodeIgniter\CodeIgniter->handleRequest(NULL, Object(Config\Cache), false)
#9 C:\xampp\htdocs\AdminNew\public\index.php(37): CodeIgniter\CodeIgniter->run()
#10 C:\xampp\htdocs\AdminNew\system\Commands\Server\rewrite.php(43): require_once('C:\\xampp\\htdocs...')
#11 {main}
CRITICAL - 2022-06-15 02:49:02 --> Undefined variable $AllPost
#0 C:\xampp\htdocs\AdminNew\app\Views\postmanage.php(62): CodeIgniter\Debug\Exceptions->errorHandler(2, 'Undefined varia...', 'C:\\xampp\\htdocs...', 62)
#1 C:\xampp\htdocs\AdminNew\system\View\View.php(210): include('C:\\xampp\\htdocs...')
#2 C:\xampp\htdocs\AdminNew\system\View\View.php(213): CodeIgniter\View\View->CodeIgniter\View\{closure}()
#3 C:\xampp\htdocs\AdminNew\system\Common.php(1089): CodeIgniter\View\View->render('postmanage', Array, true)
#4 C:\xampp\htdocs\AdminNew\app\Controllers\ReportController.php(33): view('postmanage', Array)
#5 C:\xampp\htdocs\AdminNew\system\CodeIgniter.php(832): App\Controllers\ReportController->viewPost()
#6 C:\xampp\htdocs\AdminNew\system\CodeIgniter.php(419): CodeIgniter\CodeIgniter->runController(Object(App\Controllers\ReportController))
#7 C:\xampp\htdocs\AdminNew\system\CodeIgniter.php(326): CodeIgniter\CodeIgniter->handleRequest(NULL, Object(Config\Cache), false)
#8 C:\xampp\htdocs\AdminNew\public\index.php(37): CodeIgniter\CodeIgniter->run()
#9 C:\xampp\htdocs\AdminNew\system\Commands\Server\rewrite.php(43): require_once('C:\\xampp\\htdocs...')
#10 {main}
